  [1m[36m (1.2ms)[0m  [1mCREATE TABLE "comments" ("id" INTEGER PRIMARY KEY AUTOINCREMENT NOT NULL, "post_id" integer, "body" text, "created_at" datetime NOT NULL, "updated_at" datetime NOT NULL) [0m
  [1m[35m (0.6ms)[0m  select sqlite_version(*)
  [1m[36m (1.4ms)[0m  [1mCREATE  INDEX "index_comments_on_post_id" ON "comments" ("post_id")[0m
  [1m[35m (0.9ms)[0m  CREATE TABLE "posts" ("id" INTEGER PRIMARY KEY AUTOINCREMENT NOT NULL, "title" varchar, "body" text, "created_at" datetime NOT NULL, "updated_at" datetime NOT NULL) 
  [1m[36m (24.4ms)[0m  [1mCREATE TABLE "schema_migrations" ("version" varchar NOT NULL) [0m
  [1m[35m (3.1ms)[0m  CREATE UNIQUE INDEX "unique_schema_migrations" ON "schema_migrations" ("version")
  [1m[36m (0.2ms)[0m  [1mSELECT version FROM "schema_migrations"[0m
  [1m[35m (2.5ms)[0m  INSERT INTO "schema_migrations" (version) VALUES ('20150821015053')
  [1m[36m (1.9ms)[0m  [1mINSERT INTO "schema_migrations" (version) VALUES ('20150821014049')[0m
  [1m[35m (1.6ms)[0m  CREATE TABLE "comments" ("id" INTEGER PRIMARY KEY AUTOINCREMENT NOT NULL, "post_id" integer, "body" text, "created_at" datetime NOT NULL, "updated_at" datetime NOT NULL) 
  [1m[36m (0.1ms)[0m  [1mselect sqlite_version(*)[0m
  [1m[35m (1.5ms)[0m  CREATE  INDEX "index_comments_on_post_id" ON "comments" ("post_id")
  [1m[36m (1.6ms)[0m  [1mCREATE TABLE "posts" ("id" INTEGER PRIMARY KEY AUTOINCREMENT NOT NULL, "title" varchar, "body" text, "created_at" datetime NOT NULL, "updated_at" datetime NOT NULL) [0m
  [1m[35m (1.5ms)[0m  CREATE TABLE "schema_migrations" ("version" varchar NOT NULL) 
  [1m[36m (1.2ms)[0m  [1mCREATE UNIQUE INDEX "unique_schema_migrations" ON "schema_migrations" ("version")[0m
  [1m[35m (0.2ms)[0m  SELECT version FROM "schema_migrations"
  [1m[36m (1.9ms)[0m  [1mINSERT INTO "schema_migrations" (version) VALUES ('20150821015053')[0m
  [1m[35m (2.1ms)[0m  INSERT INTO "schema_migrations" (version) VALUES ('20150821014049')
  [1m[36mActiveRecord::SchemaMigration Load (0.1ms)[0m  [1mSELECT "schema_migrations".* FROM "schema_migrations"[0m


Started GET "/" for ::1 at 2015-08-22 13:37:25 +1000
  [1m[36mActiveRecord::SchemaMigration Load (0.6ms)[0m  [1mSELECT "schema_migrations".* FROM "schema_migrations"[0m
Processing by PostsController#index as HTML
  [1m[35mPost Load (0.7ms)[0m  SELECT "posts".* FROM "posts"
  Rendered collection (0.0ms)
  Rendered posts/index.html.erb within layouts/application (8.7ms)
DEPRECATION WARNING: Extra .css in SCSS file is unnecessary. Rename /Users/deborah/apps/quick_blog/app/assets/stylesheets/common.css.scss to /Users/deborah/apps/quick_blog/app/assets/stylesheets/common.scss. (called from _app_views_layouts_application_html_erb___2465235336373560100_70246124244780 at /Users/deborah/apps/quick_blog/app/views/layouts/application.html.erb:9)
DEPRECATION WARNING: Extra .css in SCSS file is unnecessary. Rename /Users/deborah/apps/quick_blog/app/assets/stylesheets/common.css.scss to /Users/deborah/apps/quick_blog/app/assets/stylesheets/common.scss. (called from _app_views_layouts_application_html_erb___2465235336373560100_70246124244780 at /Users/deborah/apps/quick_blog/app/views/layouts/application.html.erb:9)
  Rendered layouts/_header.html.erb (1.1ms)
  Rendered layouts/_footer.html.erb (0.9ms)
Completed 200 OK in 8222ms (Views: 8204.4ms | ActiveRecord: 0.8ms)


Started GET "/" for ::1 at 2015-08-22 13:37:33 +1000
Processing by PostsController#index as HTML
  [1m[36mPost Load (0.2ms)[0m  [1mSELECT "posts".* FROM "posts"[0m
  Rendered collection (0.0ms)
  Rendered posts/index.html.erb within layouts/application (1.4ms)
  Rendered layouts/_header.html.erb (0.2ms)
  Rendered layouts/_footer.html.erb (0.1ms)
Completed 200 OK in 120ms (Views: 119.4ms | ActiveRecord: 0.2ms)


Started GET "/assets/application.self-d885a0a66bd595c10edb24f8879f94e334d88be0730c4d7c7a7b57c731c09037.css?body=1" for ::1 at 2015-08-22 13:37:34 +1000


Started GET "/assets/vendor/modernizr.self-74da3245def7569da28115667be6a85a2ad97464abe707c9829c46d8975597bc.js?body=1" for ::1 at 2015-08-22 13:37:34 +1000


Started GET "/assets/foundation_and_overrides.self-2c1305178491fee2bb950950cd01b5c2744470cfb7d119a5af08fea5c4fd8a25.css?body=1" for ::1 at 2015-08-22 13:37:34 +1000


Started GET "/assets/foundation/foundation.self-ee5396739ce46beb039f26ea629172a74143752d74f703c6c3b219fc52aecf73.js?body=1" for ::1 at 2015-08-22 13:37:34 +1000


Started GET "/assets/foundation/foundation.abide.self-f8b56c707a79139807305a5f7efc2aaa0848f0c677abcc056496f507e0192b79.js?body=1" for ::1 at 2015-08-22 13:37:34 +1000


Started GET "/assets/foundation/foundation.alert.self-fbde7afb61e8ffd8ab9b717f0bed1e58cb9e0144a25cc773fea634d5554f62cd.js?body=1" for ::1 at 2015-08-22 13:37:34 +1000


Started GET "/assets/foundation/foundation.accordion.self-d55abdcb0a7a29512be2f31f63d418cc8cc4505a0a3c71946d25484b0a0b3f4e.js?body=1" for ::1 at 2015-08-22 13:37:34 +1000


Started GET "/assets/foundation/foundation.clearing.self-54610737b435a97590fcb176848c3c7a44c4d55d369894260fa7c28c97a70a23.js?body=1" for ::1 at 2015-08-22 13:37:34 +1000


Started GET "/assets/foundation/foundation.equalizer.self-7aa743bf4660deb2fb2f601c112806a1703c430067531da3f41e4afffe19fee9.js?body=1" for ::1 at 2015-08-22 13:37:34 +1000


Started GET "/assets/foundation/foundation.interchange.self-dad8415355087cb21a16fa44bac20d602344d52de5aca9e588e3588fce5dd5a7.js?body=1" for ::1 at 2015-08-22 13:37:34 +1000


Started GET "/assets/foundation/foundation.dropdown.self-c9ee29909e266373e5e814a73fc6ea062245ddd29466d35d232448f73350d78a.js?body=1" for ::1 at 2015-08-22 13:37:34 +1000


Started GET "/assets/foundation/foundation.magellan.self-a50193f172f11e57b373c3001072ba2d6b34b857ab251e9ded30af5242855687.js?body=1" for ::1 at 2015-08-22 13:37:34 +1000


Started GET "/assets/foundation/foundation.joyride.self-0a5271728699423f583dd5b3b8a11bfe0dc9fb5044446bcf3218ef8ca906a82d.js?body=1" for ::1 at 2015-08-22 13:37:34 +1000


Started GET "/assets/foundation/foundation.orbit.self-f8d30eb1717c874db26723f9e07901ec0a325d59263f1404ee83a616bb597ad2.js?body=1" for ::1 at 2015-08-22 13:37:34 +1000


Started GET "/assets/foundation/foundation.reveal.self-95f01feb3e25e47b58b78da0021ae2fffafdee70846682067c180e0e10f7b095.js?body=1" for ::1 at 2015-08-22 13:37:34 +1000


Started GET "/assets/foundation/foundation.slider.self-8911a7352cb577b6b7973b0734d57d2b624c79286558ffa36fcac0c29b2d0bee.js?body=1" for ::1 at 2015-08-22 13:37:34 +1000


Started GET "/assets/foundation/foundation.tab.self-9bf6791513d1b20e213bb1aee3df0bc17128c7e18421258dc68a2a4ccabe1647.js?body=1" for ::1 at 2015-08-22 13:37:34 +1000


Started GET "/assets/foundation/foundation.offcanvas.self-75bffd0c7f4f0d2992ab95f0cc6959282ebb5807da70123d40c01d76e230ec88.js?body=1" for ::1 at 2015-08-22 13:37:34 +1000


Started GET "/assets/foundation/foundation.topbar.self-105416f061562f07c6a0a8057d68282fdc1eeb5dc306713fcae6c9a53001fc55.js?body=1" for ::1 at 2015-08-22 13:37:34 +1000


Started GET "/assets/foundation/foundation.tooltip.self-834156796c253580629cfffc720bdc3d191b1e5a5a6ddbc1102ecd08c876516c.js?body=1" for ::1 at 2015-08-22 13:37:34 +1000


Started GET "/assets/foundation.self-abe4ee7a105042f73b12b1f1a28788522d2f253445a475a94ab4d6e1f7b0ec52.js?body=1" for ::1 at 2015-08-22 13:37:34 +1000


Started GET "/assets/comments.self-877aef30ae1b040ab8a3aba4e3e309a11d7f2612f44dde450b5c157aa5f95c05.js?body=1" for ::1 at 2015-08-22 13:37:34 +1000


Started GET "/assets/posts.self-877aef30ae1b040ab8a3aba4e3e309a11d7f2612f44dde450b5c157aa5f95c05.js?body=1" for ::1 at 2015-08-22 13:37:34 +1000


Started GET "/assets/application.self-79a300d240bbf145c9af961805bc87f18e9f73bd1cda275895295c80d8552d3f.js?body=1" for ::1 at 2015-08-22 13:37:34 +1000


Started GET "/posts/new" for ::1 at 2015-08-22 13:49:01 +1000
  [1m[36mActiveRecord::SchemaMigration Load (0.5ms)[0m  [1mSELECT "schema_migrations".* FROM "schema_migrations"[0m
Processing by PostsController#new as HTML
Filter chain halted as :authenticate rendered or redirected
Completed 401 Unauthorized in 28ms (ActiveRecord: 0.0ms)


Started GET "/" for ::1 at 2015-08-22 13:49:09 +1000
Processing by PostsController#index as HTML
  [1m[35mPost Load (0.4ms)[0m  SELECT "posts".* FROM "posts"
  Rendered collection (0.0ms)
  Rendered posts/index.html.erb within layouts/application (7.5ms)
  Rendered layouts/_header.html.erb (2.1ms)
  Rendered layouts/_footer.html.erb (0.6ms)
Completed 200 OK in 551ms (Views: 543.2ms | ActiveRecord: 0.5ms)


Started GET "/posts/new" for ::1 at 2015-08-22 13:49:14 +1000
Processing by PostsController#new as HTML
Filter chain halted as :authenticate rendered or redirected
Completed 401 Unauthorized in 1ms (ActiveRecord: 0.0ms)


Started GET "/posts/new" for ::1 at 2015-08-22 13:49:22 +1000
Processing by PostsController#new as HTML
  Rendered posts/_form.html.erb (40.0ms)
  Rendered posts/new.html.erb within layouts/application (42.9ms)
  Rendered layouts/_header.html.erb (0.9ms)
  Rendered layouts/_footer.html.erb (0.6ms)
Completed 200 OK in 226ms (Views: 220.7ms | ActiveRecord: 0.3ms)


Started POST "/posts" for ::1 at 2015-08-22 13:49:37 +1000
Processing by PostsController#create as HTML
  Parameters: {"utf8"=>"✓", "authenticity_token"=>"1JASMj7A6NAJyGsRQlJP+EWKfXXH4RG4BOZGgk9ecaTeYuhWdui3ERhzORmBmaXMGAKoFTrL5UR3vCW0imgtLw==", "post"=>{"title"=>"Hello World", "body"=>"This is me. Life should be...fun for everyone!"}, "commit"=>"Create Post"}
Filter chain halted as :authenticate rendered or redirected
Completed 401 Unauthorized in 1ms (ActiveRecord: 0.0ms)


Started POST "/posts" for ::1 at 2015-08-22 13:49:37 +1000
Processing by PostsController#create as HTML
  Parameters: {"utf8"=>"✓", "authenticity_token"=>"1JASMj7A6NAJyGsRQlJP+EWKfXXH4RG4BOZGgk9ecaTeYuhWdui3ERhzORmBmaXMGAKoFTrL5UR3vCW0imgtLw==", "post"=>{"title"=>"Hello World", "body"=>"This is me. Life should be...fun for everyone!"}, "commit"=>"Create Post"}
  [1m[36m (0.1ms)[0m  [1mbegin transaction[0m
  [1m[35mSQL (0.9ms)[0m  INSERT INTO "posts" ("title", "body", "created_at", "updated_at") VALUES (?, ?, ?, ?)  [["title", "Hello World"], ["body", "This is me. Life should be...fun for everyone!"], ["created_at", "2015-08-22 03:49:37.029921"], ["updated_at", "2015-08-22 03:49:37.029921"]]
  [1m[36m (0.9ms)[0m  [1mcommit transaction[0m
Redirected to http://localhost:3000/posts/1
Completed 302 Found in 10ms (ActiveRecord: 1.9ms)


Started GET "/posts/1" for ::1 at 2015-08-22 13:49:37 +1000
Processing by PostsController#show as HTML
  Parameters: {"id"=>"1"}
  [1m[35mPost Load (0.2ms)[0m  SELECT  "posts".* FROM "posts" WHERE "posts"."id" = ? LIMIT 1  [["id", 1]]
  Rendered posts/_post.html.erb (15.3ms)
  [1m[36mComment Load (0.5ms)[0m  [1mSELECT "comments".* FROM "comments" WHERE "comments"."post_id" = ?[0m  [["post_id", 1]]
  Rendered collection (0.0ms)
  Rendered posts/show.html.erb within layouts/application (47.6ms)
  Rendered layouts/_header.html.erb (0.3ms)
  Rendered layouts/_footer.html.erb (0.1ms)
Completed 200 OK in 282ms (Views: 271.4ms | ActiveRecord: 0.9ms)


Started POST "/posts/1/comments" for ::1 at 2015-08-22 13:49:59 +1000
Processing by CommentsController#create as JS
  Parameters: {"utf8"=>"✓", "comment"=>{"body"=>"I love this song!"}, "commit"=>"Add comment", "post_id"=>"1"}
  [1m[35mPost Load (0.1ms)[0m  SELECT  "posts".* FROM "posts" WHERE "posts"."id" = ? LIMIT 1  [["id", 1]]
  [1m[36m (0.1ms)[0m  [1mbegin transaction[0m
  [1m[35mSQL (0.8ms)[0m  INSERT INTO "comments" ("body", "post_id", "created_at", "updated_at") VALUES (?, ?, ?, ?)  [["body", "I love this song!"], ["post_id", 1], ["created_at", "2015-08-22 03:49:59.868532"], ["updated_at", "2015-08-22 03:49:59.868532"]]
  [1m[36m (0.8ms)[0m  [1mcommit transaction[0m
  Rendered comments/_comment.html.erb (1.5ms)
  Rendered comments/create.js.erb (4.5ms)
Completed 200 OK in 26ms (Views: 14.8ms | ActiveRecord: 1.9ms)


Started GET "/posts" for ::1 at 2015-08-22 14:02:38 +1000
  [1m[36mActiveRecord::SchemaMigration Load (0.6ms)[0m  [1mSELECT "schema_migrations".* FROM "schema_migrations"[0m
Processing by PostsController#index as HTML
  [1m[35mPost Load (0.6ms)[0m  SELECT "posts".* FROM "posts"
  Rendered posts/_post.html.erb (4.3ms)
  Rendered posts/index.html.erb within layouts/application (17.4ms)
Completed 500 Internal Server Error in 46ms (ActiveRecord: 1.0ms)

ActionView::Template::Error (undefined method `title' for nil:NilClass):
    1: <h2><%= link_to_unless_current @post.title, @post %></h2>
    2: <%= simple_format @post.body %>
  app/views/posts/_post.html.erb:1:in `_app_views_posts__post_html_erb___2421398094810068479_70300445206420'
  app/views/posts/index.html.erb:5:in `_app_views_posts_index_html_erb___2539172183453483870_70300452382760'
  app/controllers/posts_controller.rb:10:in `index'


  Rendered /Users/deborah/.rvm/gems/ruby-2.2.2@rails-423/gems/actionpack-4.2.3/lib/action_dispatch/middleware/templates/rescues/_source.erb (6.5ms)
  Rendered /Users/deborah/.rvm/gems/ruby-2.2.2@rails-423/gems/actionpack-4.2.3/lib/action_dispatch/middleware/templates/rescues/_trace.html.erb (3.7ms)
  Rendered /Users/deborah/.rvm/gems/ruby-2.2.2@rails-423/gems/actionpack-4.2.3/lib/action_dispatch/middleware/templates/rescues/_request_and_response.html.erb (1.5ms)
  Rendered /Users/deborah/.rvm/gems/ruby-2.2.2@rails-423/gems/actionpack-4.2.3/lib/action_dispatch/middleware/templates/rescues/template_error.html.erb within rescues/layout (64.4ms)
  Rendered /Users/deborah/.rvm/gems/ruby-2.2.2@rails-423/gems/web-console-2.2.1/lib/web_console/templates/_markup.html.erb (0.6ms)
  Rendered /Users/deborah/.rvm/gems/ruby-2.2.2@rails-423/gems/web-console-2.2.1/lib/web_console/templates/_inner_console_markup.html.erb within layouts/inlined_string (0.4ms)
  Rendered /Users/deborah/.rvm/gems/ruby-2.2.2@rails-423/gems/web-console-2.2.1/lib/web_console/templates/_prompt_box_markup.html.erb within layouts/inlined_string (0.6ms)
  Rendered /Users/deborah/.rvm/gems/ruby-2.2.2@rails-423/gems/web-console-2.2.1/lib/web_console/templates/style.css.erb within layouts/inlined_string (0.6ms)
  Rendered /Users/deborah/.rvm/gems/ruby-2.2.2@rails-423/gems/web-console-2.2.1/lib/web_console/templates/console.js.erb within layouts/javascript (59.5ms)
  Rendered /Users/deborah/.rvm/gems/ruby-2.2.2@rails-423/gems/web-console-2.2.1/lib/web_console/templates/main.js.erb within layouts/javascript (0.4ms)
  Rendered /Users/deborah/.rvm/gems/ruby-2.2.2@rails-423/gems/web-console-2.2.1/lib/web_console/templates/error_page.js.erb within layouts/javascript (0.4ms)
  Rendered /Users/deborah/.rvm/gems/ruby-2.2.2@rails-423/gems/web-console-2.2.1/lib/web_console/templates/index.html.erb (133.6ms)


Started GET "/posts" for ::1 at 2015-08-22 14:02:39 +1000
Processing by PostsController#index as HTML
  [1m[36mPost Load (0.1ms)[0m  [1mSELECT "posts".* FROM "posts"[0m
  Rendered posts/_post.html.erb (2.1ms)
  Rendered posts/index.html.erb within layouts/application (4.1ms)
Completed 500 Internal Server Error in 10ms (ActiveRecord: 0.1ms)

ActionView::Template::Error (undefined method `title' for nil:NilClass):
    1: <h2><%= link_to_unless_current @post.title, @post %></h2>
    2: <%= simple_format @post.body %>
  app/views/posts/_post.html.erb:1:in `_app_views_posts__post_html_erb___2421398094810068479_70300445206420'
  app/views/posts/index.html.erb:5:in `_app_views_posts_index_html_erb___2539172183453483870_70300452382760'
  app/controllers/posts_controller.rb:10:in `index'


  Rendered /Users/deborah/.rvm/gems/ruby-2.2.2@rails-423/gems/actionpack-4.2.3/lib/action_dispatch/middleware/templates/rescues/_source.erb (7.8ms)
  Rendered /Users/deborah/.rvm/gems/ruby-2.2.2@rails-423/gems/actionpack-4.2.3/lib/action_dispatch/middleware/templates/rescues/_trace.html.erb (4.8ms)
  Rendered /Users/deborah/.rvm/gems/ruby-2.2.2@rails-423/gems/actionpack-4.2.3/lib/action_dispatch/middleware/templates/rescues/_request_and_response.html.erb (1.0ms)
  Rendered /Users/deborah/.rvm/gems/ruby-2.2.2@rails-423/gems/actionpack-4.2.3/lib/action_dispatch/middleware/templates/rescues/template_error.html.erb within rescues/layout (65.6ms)
  Rendered /Users/deborah/.rvm/gems/ruby-2.2.2@rails-423/gems/web-console-2.2.1/lib/web_console/templates/_markup.html.erb (0.4ms)
  Rendered /Users/deborah/.rvm/gems/ruby-2.2.2@rails-423/gems/web-console-2.2.1/lib/web_console/templates/_inner_console_markup.html.erb within layouts/inlined_string (0.5ms)
  Rendered /Users/deborah/.rvm/gems/ruby-2.2.2@rails-423/gems/web-console-2.2.1/lib/web_console/templates/_prompt_box_markup.html.erb within layouts/inlined_string (0.4ms)
  Rendered /Users/deborah/.rvm/gems/ruby-2.2.2@rails-423/gems/web-console-2.2.1/lib/web_console/templates/style.css.erb within layouts/inlined_string (0.4ms)
  Rendered /Users/deborah/.rvm/gems/ruby-2.2.2@rails-423/gems/web-console-2.2.1/lib/web_console/templates/console.js.erb within layouts/javascript (48.3ms)
  Rendered /Users/deborah/.rvm/gems/ruby-2.2.2@rails-423/gems/web-console-2.2.1/lib/web_console/templates/main.js.erb within layouts/javascript (0.3ms)
  Rendered /Users/deborah/.rvm/gems/ruby-2.2.2@rails-423/gems/web-console-2.2.1/lib/web_console/templates/error_page.js.erb within layouts/javascript (5.3ms)
  Rendered /Users/deborah/.rvm/gems/ruby-2.2.2@rails-423/gems/web-console-2.2.1/lib/web_console/templates/index.html.erb (103.9ms)


Started GET "/posts" for ::1 at 2015-08-22 14:03:58 +1000
Processing by PostsController#index as HTML
  [1m[35mPost Load (0.8ms)[0m  SELECT "posts".* FROM "posts"
  Rendered posts/_post.html.erb (19.8ms)
  Rendered posts/index.html.erb within layouts/application (31.7ms)
  Rendered layouts/_header.html.erb (0.8ms)
  Rendered layouts/_footer.html.erb (0.7ms)
Completed 200 OK in 867ms (Views: 860.6ms | ActiveRecord: 0.8ms)


Started GET "/assets/foundation_and_overrides.self-2c1305178491fee2bb950950cd01b5c2744470cfb7d119a5af08fea5c4fd8a25.css?body=1" for ::1 at 2015-08-22 14:03:59 +1000


Started GET "/assets/vendor/modernizr.self-74da3245def7569da28115667be6a85a2ad97464abe707c9829c46d8975597bc.js?body=1" for ::1 at 2015-08-22 14:03:59 +1000


Started GET "/assets/jquery.self-d03a5518f45df77341bdbe6201ba3bfa547ebba8ed64f0ea56bfa5f96ea7c074.js?body=1" for ::1 at 2015-08-22 14:03:59 +1000


Started GET "/assets/application.self-d885a0a66bd595c10edb24f8879f94e334d88be0730c4d7c7a7b57c731c09037.css?body=1" for ::1 at 2015-08-22 14:03:59 +1000


Started GET "/assets/foundation/foundation.self-ee5396739ce46beb039f26ea629172a74143752d74f703c6c3b219fc52aecf73.js?body=1" for ::1 at 2015-08-22 14:03:59 +1000


Started GET "/assets/foundation/foundation.alert.self-fbde7afb61e8ffd8ab9b717f0bed1e58cb9e0144a25cc773fea634d5554f62cd.js?body=1" for ::1 at 2015-08-22 14:03:59 +1000


Started GET "/assets/foundation/foundation.clearing.self-54610737b435a97590fcb176848c3c7a44c4d55d369894260fa7c28c97a70a23.js?body=1" for ::1 at 2015-08-22 14:03:59 +1000


Started GET "/assets/foundation/foundation.accordion.self-d55abdcb0a7a29512be2f31f63d418cc8cc4505a0a3c71946d25484b0a0b3f4e.js?body=1" for ::1 at 2015-08-22 14:03:59 +1000


Started GET "/assets/foundation/foundation.abide.self-f8b56c707a79139807305a5f7efc2aaa0848f0c677abcc056496f507e0192b79.js?body=1" for ::1 at 2015-08-22 14:03:59 +1000


Started GET "/assets/foundation/foundation.dropdown.self-c9ee29909e266373e5e814a73fc6ea062245ddd29466d35d232448f73350d78a.js?body=1" for ::1 at 2015-08-22 14:03:59 +1000


Started GET "/assets/foundation/foundation.equalizer.self-7aa743bf4660deb2fb2f601c112806a1703c430067531da3f41e4afffe19fee9.js?body=1" for ::1 at 2015-08-22 14:03:59 +1000


Started GET "/assets/foundation/foundation.interchange.self-dad8415355087cb21a16fa44bac20d602344d52de5aca9e588e3588fce5dd5a7.js?body=1" for ::1 at 2015-08-22 14:03:59 +1000


Started GET "/assets/jquery_ujs.self-ca5248a2fad13d6bd58ea121318d642f195f0b2dd818b30615f785ff365e8d1f.js?body=1" for ::1 at 2015-08-22 14:03:59 +1000


Started GET "/assets/foundation/foundation.joyride.self-0a5271728699423f583dd5b3b8a11bfe0dc9fb5044446bcf3218ef8ca906a82d.js?body=1" for ::1 at 2015-08-22 14:03:59 +1000


Started GET "/assets/foundation/foundation.offcanvas.self-75bffd0c7f4f0d2992ab95f0cc6959282ebb5807da70123d40c01d76e230ec88.js?body=1" for ::1 at 2015-08-22 14:03:59 +1000


Started GET "/assets/foundation/foundation.reveal.self-95f01feb3e25e47b58b78da0021ae2fffafdee70846682067c180e0e10f7b095.js?body=1" for ::1 at 2015-08-22 14:03:59 +1000


Started GET "/assets/foundation/foundation.slider.self-8911a7352cb577b6b7973b0734d57d2b624c79286558ffa36fcac0c29b2d0bee.js?body=1" for ::1 at 2015-08-22 14:03:59 +1000


Started GET "/assets/foundation/foundation.magellan.self-a50193f172f11e57b373c3001072ba2d6b34b857ab251e9ded30af5242855687.js?body=1" for ::1 at 2015-08-22 14:03:59 +1000


Started GET "/assets/foundation/foundation.tab.self-9bf6791513d1b20e213bb1aee3df0bc17128c7e18421258dc68a2a4ccabe1647.js?body=1" for ::1 at 2015-08-22 14:03:59 +1000


Started GET "/assets/foundation/foundation.topbar.self-105416f061562f07c6a0a8057d68282fdc1eeb5dc306713fcae6c9a53001fc55.js?body=1" for ::1 at 2015-08-22 14:03:59 +1000


Started GET "/assets/foundation/foundation.tooltip.self-834156796c253580629cfffc720bdc3d191b1e5a5a6ddbc1102ecd08c876516c.js?body=1" for ::1 at 2015-08-22 14:03:59 +1000


Started GET "/assets/foundation.self-abe4ee7a105042f73b12b1f1a28788522d2f253445a475a94ab4d6e1f7b0ec52.js?body=1" for ::1 at 2015-08-22 14:03:59 +1000


Started GET "/assets/foundation/foundation.orbit.self-f8d30eb1717c874db26723f9e07901ec0a325d59263f1404ee83a616bb597ad2.js?body=1" for ::1 at 2015-08-22 14:03:59 +1000


Started GET "/assets/turbolinks.self-c37727e9bd6b2735da5c311aa83fead54ed0be6cc8bd9a65309e9c5abe2cbfff.js?body=1" for ::1 at 2015-08-22 14:03:59 +1000


Started GET "/assets/comments.self-877aef30ae1b040ab8a3aba4e3e309a11d7f2612f44dde450b5c157aa5f95c05.js?body=1" for ::1 at 2015-08-22 14:03:59 +1000


Started GET "/assets/application.self-79a300d240bbf145c9af961805bc87f18e9f73bd1cda275895295c80d8552d3f.js?body=1" for ::1 at 2015-08-22 14:03:59 +1000


Started GET "/assets/posts.self-877aef30ae1b040ab8a3aba4e3e309a11d7f2612f44dde450b5c157aa5f95c05.js?body=1" for ::1 at 2015-08-22 14:03:59 +1000


Started GET "/posts/1" for ::1 at 2015-08-22 14:10:12 +1000
Processing by PostsController#show as HTML
  Parameters: {"id"=>"1"}
  [1m[36mPost Load (3.0ms)[0m  [1mSELECT  "posts".* FROM "posts" WHERE "posts"."id" = ? LIMIT 1[0m  [["id", 1]]
  Rendered posts/_post.html.erb (18.2ms)
  [1m[35mComment Load (1.1ms)[0m  SELECT "comments".* FROM "comments" WHERE "comments"."post_id" = ?  [["post_id", 1]]
  Rendered comments/_comment.html.erb (13.6ms)
  Rendered posts/show.html.erb within layouts/application (135.1ms)
  Rendered layouts/_header.html.erb (1.1ms)
  Rendered layouts/_footer.html.erb (0.8ms)
Completed 200 OK in 457ms (Views: 361.1ms | ActiveRecord: 4.3ms)


Started GET "/posts/new" for ::1 at 2015-08-22 14:10:16 +1000
Processing by PostsController#new as HTML
  Rendered posts/_form.html.erb (7.9ms)
  Rendered posts/new.html.erb within layouts/application (11.5ms)
  Rendered layouts/_header.html.erb (0.3ms)
  Rendered layouts/_footer.html.erb (0.1ms)
Completed 200 OK in 209ms (Views: 208.3ms | ActiveRecord: 0.0ms)


Started POST "/posts" for ::1 at 2015-08-22 14:10:38 +1000
Processing by PostsController#create as HTML
  Parameters: {"utf8"=>"✓", "authenticity_token"=>"VHyB2FYje2Ri5k2kRDQKRyTYxJL45/Hloh+X8CGiiR9ejnu8HgskpXNdH6yH/+BzeVAR8gXNBRnRRfTG5JTVlA==", "post"=>{"title"=>"Being Alive", "body"=>"Someone to hold me too close\r\nSomeone to hurt me too deep\r\nSomeone to sit in my chair and ruin my sleep"}, "commit"=>"Create Post"}
  [1m[36m (0.1ms)[0m  [1mbegin transaction[0m
  [1m[35mSQL (1.2ms)[0m  INSERT INTO "posts" ("title", "body", "created_at", "updated_at") VALUES (?, ?, ?, ?)  [["title", "Being Alive"], ["body", "Someone to hold me too close\r\nSomeone to hurt me too deep\r\nSomeone to sit in my chair and ruin my sleep"], ["created_at", "2015-08-22 04:10:38.708326"], ["updated_at", "2015-08-22 04:10:38.708326"]]
  [1m[36m (0.7ms)[0m  [1mcommit transaction[0m
Redirected to http://localhost:3000/posts/2
Completed 302 Found in 9ms (ActiveRecord: 2.1ms)


Started GET "/posts/2" for ::1 at 2015-08-22 14:10:38 +1000
Processing by PostsController#show as HTML
  Parameters: {"id"=>"2"}
  [1m[35mPost Load (0.1ms)[0m  SELECT  "posts".* FROM "posts" WHERE "posts"."id" = ? LIMIT 1  [["id", 2]]
  Rendered posts/_post.html.erb (1.9ms)
  [1m[36mComment Load (0.1ms)[0m  [1mSELECT "comments".* FROM "comments" WHERE "comments"."post_id" = ?[0m  [["post_id", 2]]
  Rendered collection (0.0ms)
  Rendered posts/show.html.erb within layouts/application (6.9ms)
  Rendered layouts/_header.html.erb (0.3ms)
  Rendered layouts/_footer.html.erb (0.2ms)
Completed 200 OK in 187ms (Views: 185.4ms | ActiveRecord: 0.2ms)


Started GET "/posts" for ::1 at 2015-08-22 14:10:41 +1000
Processing by PostsController#index as HTML
  [1m[35mPost Load (0.2ms)[0m  SELECT "posts".* FROM "posts"
  Rendered posts/_post.html.erb (2.2ms)
  Rendered posts/index.html.erb within layouts/application (5.2ms)
  Rendered layouts/_header.html.erb (0.1ms)
  Rendered layouts/_footer.html.erb (0.1ms)
Completed 200 OK in 138ms (Views: 136.9ms | ActiveRecord: 0.2ms)


Started GET "/about" for ::1 at 2015-08-22 14:10:48 +1000

ActionController::RoutingError (No route matches [GET] "/about"):
  actionpack (4.2.3) lib/action_dispatch/middleware/debug_exceptions.rb:21:in `call'
  web-console (2.2.1) lib/web_console/middleware.rb:39:in `call'
  actionpack (4.2.3) lib/action_dispatch/middleware/show_exceptions.rb:30:in `call'
  railties (4.2.3) lib/rails/rack/logger.rb:38:in `call_app'
  railties (4.2.3) lib/rails/rack/logger.rb:20:in `block in call'
  activesupport (4.2.3) lib/active_support/tagged_logging.rb:68:in `block in tagged'
  activesupport (4.2.3) lib/active_support/tagged_logging.rb:26:in `tagged'
  activesupport (4.2.3) lib/active_support/tagged_logging.rb:68:in `tagged'
  railties (4.2.3) lib/rails/rack/logger.rb:20:in `call'
  actionpack (4.2.3) lib/action_dispatch/middleware/request_id.rb:21:in `call'
  rack (1.6.4) lib/rack/methodoverride.rb:22:in `call'
  rack (1.6.4) lib/rack/runtime.rb:18:in `call'
  activesupport (4.2.3) lib/active_support/cache/strategy/local_cache_middleware.rb:28:in `call'
  rack (1.6.4) lib/rack/lock.rb:17:in `call'
  actionpack (4.2.3) lib/action_dispatch/middleware/static.rb:116:in `call'
  rack (1.6.4) lib/rack/sendfile.rb:113:in `call'
  railties (4.2.3) lib/rails/engine.rb:518:in `call'
  railties (4.2.3) lib/rails/application.rb:165:in `call'
  rack (1.6.4) lib/rack/lock.rb:17:in `call'
  rack (1.6.4) lib/rack/content_length.rb:15:in `call'
  rack (1.6.4) lib/rack/handler/webrick.rb:88:in `service'
  /Users/deborah/.rvm/rubies/ruby-2.2.2/lib/ruby/2.2.0/webrick/httpserver.rb:138:in `service'
  /Users/deborah/.rvm/rubies/ruby-2.2.2/lib/ruby/2.2.0/webrick/httpserver.rb:94:in `run'
  /Users/deborah/.rvm/rubies/ruby-2.2.2/lib/ruby/2.2.0/webrick/server.rb:294:in `block in start_thread'


  Rendered /Users/deborah/.rvm/gems/ruby-2.2.2@rails-423/gems/actionpack-4.2.3/lib/action_dispatch/middleware/templates/rescues/_trace.html.erb (2.3ms)
  Rendered /Users/deborah/.rvm/gems/ruby-2.2.2@rails-423/gems/actionpack-4.2.3/lib/action_dispatch/middleware/templates/routes/_route.html.erb (1.9ms)
  Rendered /Users/deborah/.rvm/gems/ruby-2.2.2@rails-423/gems/actionpack-4.2.3/lib/action_dispatch/middleware/templates/routes/_table.html.erb (20.8ms)
  Rendered /Users/deborah/.rvm/gems/ruby-2.2.2@rails-423/gems/actionpack-4.2.3/lib/action_dispatch/middleware/templates/rescues/_request_and_response.html.erb (1.6ms)
  Rendered /Users/deborah/.rvm/gems/ruby-2.2.2@rails-423/gems/actionpack-4.2.3/lib/action_dispatch/middleware/templates/rescues/routing_error.html.erb within rescues/layout (99.4ms)
  Rendered /Users/deborah/.rvm/gems/ruby-2.2.2@rails-423/gems/web-console-2.2.1/lib/web_console/templates/_markup.html.erb (0.5ms)
  Rendered /Users/deborah/.rvm/gems/ruby-2.2.2@rails-423/gems/web-console-2.2.1/lib/web_console/templates/_inner_console_markup.html.erb within layouts/inlined_string (0.5ms)
  Rendered /Users/deborah/.rvm/gems/ruby-2.2.2@rails-423/gems/web-console-2.2.1/lib/web_console/templates/_prompt_box_markup.html.erb within layouts/inlined_string (0.4ms)
  Rendered /Users/deborah/.rvm/gems/ruby-2.2.2@rails-423/gems/web-console-2.2.1/lib/web_console/templates/style.css.erb within layouts/inlined_string (0.5ms)
  Rendered /Users/deborah/.rvm/gems/ruby-2.2.2@rails-423/gems/web-console-2.2.1/lib/web_console/templates/console.js.erb within layouts/javascript (49.7ms)
  Rendered /Users/deborah/.rvm/gems/ruby-2.2.2@rails-423/gems/web-console-2.2.1/lib/web_console/templates/main.js.erb within layouts/javascript (0.6ms)
  Rendered /Users/deborah/.rvm/gems/ruby-2.2.2@rails-423/gems/web-console-2.2.1/lib/web_console/templates/error_page.js.erb within layouts/javascript (0.8ms)
  Rendered /Users/deborah/.rvm/gems/ruby-2.2.2@rails-423/gems/web-console-2.2.1/lib/web_console/templates/index.html.erb (126.0ms)


Started GET "/about" for ::1 at 2015-08-22 14:10:48 +1000

ActionController::RoutingError (No route matches [GET] "/about"):
  actionpack (4.2.3) lib/action_dispatch/middleware/debug_exceptions.rb:21:in `call'
  web-console (2.2.1) lib/web_console/middleware.rb:39:in `call'
  actionpack (4.2.3) lib/action_dispatch/middleware/show_exceptions.rb:30:in `call'
  railties (4.2.3) lib/rails/rack/logger.rb:38:in `call_app'
  railties (4.2.3) lib/rails/rack/logger.rb:20:in `block in call'
  activesupport (4.2.3) lib/active_support/tagged_logging.rb:68:in `block in tagged'
  activesupport (4.2.3) lib/active_support/tagged_logging.rb:26:in `tagged'
  activesupport (4.2.3) lib/active_support/tagged_logging.rb:68:in `tagged'
  railties (4.2.3) lib/rails/rack/logger.rb:20:in `call'
  actionpack (4.2.3) lib/action_dispatch/middleware/request_id.rb:21:in `call'
  rack (1.6.4) lib/rack/methodoverride.rb:22:in `call'
  rack (1.6.4) lib/rack/runtime.rb:18:in `call'
  activesupport (4.2.3) lib/active_support/cache/strategy/local_cache_middleware.rb:28:in `call'
  rack (1.6.4) lib/rack/lock.rb:17:in `call'
  actionpack (4.2.3) lib/action_dispatch/middleware/static.rb:116:in `call'
  rack (1.6.4) lib/rack/sendfile.rb:113:in `call'
  railties (4.2.3) lib/rails/engine.rb:518:in `call'
  railties (4.2.3) lib/rails/application.rb:165:in `call'
  rack (1.6.4) lib/rack/lock.rb:17:in `call'
  rack (1.6.4) lib/rack/content_length.rb:15:in `call'
  rack (1.6.4) lib/rack/handler/webrick.rb:88:in `service'
  /Users/deborah/.rvm/rubies/ruby-2.2.2/lib/ruby/2.2.0/webrick/httpserver.rb:138:in `service'
  /Users/deborah/.rvm/rubies/ruby-2.2.2/lib/ruby/2.2.0/webrick/httpserver.rb:94:in `run'
  /Users/deborah/.rvm/rubies/ruby-2.2.2/lib/ruby/2.2.0/webrick/server.rb:294:in `block in start_thread'


  Rendered /Users/deborah/.rvm/gems/ruby-2.2.2@rails-423/gems/actionpack-4.2.3/lib/action_dispatch/middleware/templates/rescues/_trace.html.erb (1.5ms)
  Rendered /Users/deborah/.rvm/gems/ruby-2.2.2@rails-423/gems/actionpack-4.2.3/lib/action_dispatch/middleware/templates/routes/_route.html.erb (1.7ms)
  Rendered /Users/deborah/.rvm/gems/ruby-2.2.2@rails-423/gems/actionpack-4.2.3/lib/action_dispatch/middleware/templates/routes/_table.html.erb (1.3ms)
  Rendered /Users/deborah/.rvm/gems/ruby-2.2.2@rails-423/gems/actionpack-4.2.3/lib/action_dispatch/middleware/templates/rescues/_request_and_response.html.erb (1.2ms)
  Rendered /Users/deborah/.rvm/gems/ruby-2.2.2@rails-423/gems/actionpack-4.2.3/lib/action_dispatch/middleware/templates/rescues/routing_error.html.erb within rescues/layout (68.2ms)
  Rendered /Users/deborah/.rvm/gems/ruby-2.2.2@rails-423/gems/web-console-2.2.1/lib/web_console/templates/_markup.html.erb (0.3ms)
  Rendered /Users/deborah/.rvm/gems/ruby-2.2.2@rails-423/gems/web-console-2.2.1/lib/web_console/templates/_inner_console_markup.html.erb within layouts/inlined_string (0.4ms)
  Rendered /Users/deborah/.rvm/gems/ruby-2.2.2@rails-423/gems/web-console-2.2.1/lib/web_console/templates/_prompt_box_markup.html.erb within layouts/inlined_string (0.3ms)
  Rendered /Users/deborah/.rvm/gems/ruby-2.2.2@rails-423/gems/web-console-2.2.1/lib/web_console/templates/style.css.erb within layouts/inlined_string (0.3ms)
  Rendered /Users/deborah/.rvm/gems/ruby-2.2.2@rails-423/gems/web-console-2.2.1/lib/web_console/templates/console.js.erb within layouts/javascript (46.7ms)
  Rendered /Users/deborah/.rvm/gems/ruby-2.2.2@rails-423/gems/web-console-2.2.1/lib/web_console/templates/main.js.erb within layouts/javascript (0.3ms)
  Rendered /Users/deborah/.rvm/gems/ruby-2.2.2@rails-423/gems/web-console-2.2.1/lib/web_console/templates/error_page.js.erb within layouts/javascript (0.4ms)
  Rendered /Users/deborah/.rvm/gems/ruby-2.2.2@rails-423/gems/web-console-2.2.1/lib/web_console/templates/index.html.erb (96.4ms)
  [1m[36mActiveRecord::SchemaMigration Load (0.5ms)[0m  [1mSELECT "schema_migrations".* FROM "schema_migrations"[0m
Migrating to DeviseCreateAdminUsers (20150822042224)
  [1m[35m (0.1ms)[0m  begin transaction
  [1m[36m (1.0ms)[0m  [1mCREATE TABLE "admin_users" ("id" INTEGER PRIMARY KEY AUTOINCREMENT NOT NULL, "email" varchar DEFAULT '' NOT NULL, "encrypted_password" varchar DEFAULT '' NOT NULL, "reset_password_token" varchar, "reset_password_sent_at" datetime, "remember_created_at" datetime, "sign_in_count" integer DEFAULT 0 NOT NULL, "current_sign_in_at" datetime, "last_sign_in_at" datetime, "current_sign_in_ip" varchar, "last_sign_in_ip" varchar, "created_at" datetime NOT NULL, "updated_at" datetime NOT NULL) [0m
  [1m[35m (0.4ms)[0m  select sqlite_version(*)
  [1m[36m (0.5ms)[0m  [1mCREATE UNIQUE INDEX "index_admin_users_on_email" ON "admin_users" ("email")[0m
  [1m[35m (0.1ms)[0m              SELECT sql
            FROM sqlite_master
            WHERE name='index_admin_users_on_email' AND type='index'
            UNION ALL
            SELECT sql
            FROM sqlite_temp_master
            WHERE name='index_admin_users_on_email' AND type='index'

  [1m[36m (0.1ms)[0m  [1mCREATE UNIQUE INDEX "index_admin_users_on_reset_password_token" ON "admin_users" ("reset_password_token")[0m
  [1m[35mSQL (0.5ms)[0m  INSERT INTO "schema_migrations" ("version") VALUES (?)  [["version", "20150822042224"]]
  [1m[36m (0.8ms)[0m  [1mcommit transaction[0m
Migrating to CreateActiveAdminComments (20150822042228)
  [1m[35m (0.1ms)[0m  begin transaction
DEPRECATION WARNING: `#timestamps` was called without specifying an option for `null`. In Rails 5, this behavior will change to `null: false`. You should manually specify `null: true` to prevent the behavior of your existing migrations from changing. (called from block in up at /Users/deborah/apps/quick_blog/db/migrate/20150822042228_create_active_admin_comments.rb:9)
  [1m[36m (0.5ms)[0m  [1mCREATE TABLE "active_admin_comments" ("id" INTEGER PRIMARY KEY AUTOINCREMENT NOT NULL, "namespace" varchar, "body" text, "resource_id" varchar NOT NULL, "resource_type" varchar NOT NULL, "author_id" integer, "author_type" varchar, "created_at" datetime, "updated_at" datetime) [0m
  [1m[35m (0.1ms)[0m  CREATE  INDEX "index_active_admin_comments_on_namespace" ON "active_admin_comments" ("namespace")
  [1m[36m (0.1ms)[0m  [1m            SELECT sql
            FROM sqlite_master
            WHERE name='index_active_admin_comments_on_namespace' AND type='index'
            UNION ALL
            SELECT sql
            FROM sqlite_temp_master
            WHERE name='index_active_admin_comments_on_namespace' AND type='index'
[0m
  [1m[35m (0.1ms)[0m  CREATE  INDEX "index_active_admin_comments_on_author_type_and_author_id" ON "active_admin_comments" ("author_type", "author_id")
  [1m[36m (0.1ms)[0m  [1m            SELECT sql
            FROM sqlite_master
            WHERE name='index_active_admin_comments_on_author_type_and_author_id' AND type='index'
            UNION ALL
            SELECT sql
            FROM sqlite_temp_master
            WHERE name='index_active_admin_comments_on_author_type_and_author_id' AND type='index'
[0m
  [1m[35m (0.1ms)[0m              SELECT sql
            FROM sqlite_master
            WHERE name='index_active_admin_comments_on_namespace' AND type='index'
            UNION ALL
            SELECT sql
            FROM sqlite_temp_master
            WHERE name='index_active_admin_comments_on_namespace' AND type='index'

  [1m[36m (0.1ms)[0m  [1mCREATE  INDEX "index_active_admin_comments_on_resource_type_and_resource_id" ON "active_admin_comments" ("resource_type", "resource_id")[0m
  [1m[35mSQL (0.1ms)[0m  INSERT INTO "schema_migrations" ("version") VALUES (?)  [["version", "20150822042228"]]
  [1m[36m (0.9ms)[0m  [1mcommit transaction[0m
  [1m[35mActiveRecord::SchemaMigration Load (0.1ms)[0m  SELECT "schema_migrations".* FROM "schema_migrations"
  [1m[36m (0.1ms)[0m  [1m            SELECT sql
            FROM sqlite_master
            WHERE name='index_active_admin_comments_on_resource_type_and_resource_id' AND type='index'
            UNION ALL
            SELECT sql
            FROM sqlite_temp_master
            WHERE name='index_active_admin_comments_on_resource_type_and_resource_id' AND type='index'
[0m
  [1m[35m (0.1ms)[0m              SELECT sql
            FROM sqlite_master
            WHERE name='index_active_admin_comments_on_author_type_and_author_id' AND type='index'
            UNION ALL
            SELECT sql
            FROM sqlite_temp_master
            WHERE name='index_active_admin_comments_on_author_type_and_author_id' AND type='index'

  [1m[36m (0.1ms)[0m  [1m            SELECT sql
            FROM sqlite_master
            WHERE name='index_active_admin_comments_on_namespace' AND type='index'
            UNION ALL
            SELECT sql
            FROM sqlite_temp_master
            WHERE name='index_active_admin_comments_on_namespace' AND type='index'
[0m
  [1m[35m (0.1ms)[0m              SELECT sql
            FROM sqlite_master
            WHERE name='index_admin_users_on_reset_password_token' AND type='index'
            UNION ALL
            SELECT sql
            FROM sqlite_temp_master
            WHERE name='index_admin_users_on_reset_password_token' AND type='index'

  [1m[36m (0.1ms)[0m  [1m            SELECT sql
            FROM sqlite_master
            WHERE name='index_admin_users_on_email' AND type='index'
            UNION ALL
            SELECT sql
            FROM sqlite_temp_master
            WHERE name='index_admin_users_on_email' AND type='index'
[0m
  [1m[35m (0.1ms)[0m              SELECT sql
            FROM sqlite_master
            WHERE name='index_comments_on_post_id' AND type='index'
            UNION ALL
            SELECT sql
            FROM sqlite_temp_master
            WHERE name='index_comments_on_post_id' AND type='index'



Started GET "/posts/2" for ::1 at 2015-08-22 14:22:58 +1000
  [1m[36mActiveRecord::SchemaMigration Load (0.1ms)[0m  [1mSELECT "schema_migrations".* FROM "schema_migrations"[0m
Processing by PostsController#show as HTML
  Parameters: {"id"=>"2"}
  [1m[35mPost Load (0.3ms)[0m  SELECT  "posts".* FROM "posts" WHERE "posts"."id" = ? LIMIT 1  [["id", 2]]
  Rendered posts/_post.html.erb (13.0ms)
  [1m[36mComment Load (0.2ms)[0m  [1mSELECT "comments".* FROM "comments" WHERE "comments"."post_id" = ?[0m  [["post_id", 2]]
  Rendered collection (0.0ms)
  Rendered posts/show.html.erb within layouts/application (58.8ms)
DEPRECATION WARNING: Extra .css in SCSS file is unnecessary. Rename /Users/deborah/apps/quick_blog/app/assets/stylesheets/common.css.scss to /Users/deborah/apps/quick_blog/app/assets/stylesheets/common.scss. (called from _app_views_layouts_application_html_erb__1180519106791365249_70180703713220 at /Users/deborah/apps/quick_blog/app/views/layouts/application.html.erb:9)
DEPRECATION WARNING: Extra .css in SCSS file is unnecessary. Rename /Users/deborah/apps/quick_blog/app/assets/stylesheets/common.css.scss to /Users/deborah/apps/quick_blog/app/assets/stylesheets/common.scss. (called from _app_views_layouts_application_html_erb__1180519106791365249_70180703713220 at /Users/deborah/apps/quick_blog/app/views/layouts/application.html.erb:9)
  Rendered layouts/_header.html.erb (1.2ms)
  Rendered layouts/_footer.html.erb (0.8ms)
Completed 200 OK in 7500ms (Views: 7468.0ms | ActiveRecord: 1.0ms)


Started GET "/" for ::1 at 2015-08-22 14:23:06 +1000
Processing by PostsController#index as HTML
  [1m[35mPost Load (1.0ms)[0m  SELECT "posts".* FROM "posts"
  Rendered posts/_post.html.erb (2.5ms)
  Rendered posts/index.html.erb within layouts/application (7.2ms)
  Rendered layouts/_header.html.erb (0.6ms)
  Rendered layouts/_footer.html.erb (0.5ms)
Completed 200 OK in 358ms (Views: 356.0ms | ActiveRecord: 1.0ms)


Started GET "/assets/jquery-ui/core.self-93be4d22eda916787802a64d8f88b52db8a9027d4ccbbc0942625324a7d12d44.js?body=1" for ::1 at 2015-08-22 14:23:06 +1000


Started GET "/assets/jquery-ui/datepicker.self-6267be6d4d0f0e8665be3b4d6ac07f40ba23a32aff8eaa5d1bfc00f76a9eeae7.js?body=1" for ::1 at 2015-08-22 14:23:06 +1000


Started GET "/assets/jquery-ui/widget.self-c1602241ddc51216b58391768667068867b8e15b9efc722befcd25771eda6819.js?body=1" for ::1 at 2015-08-22 14:23:07 +1000


Started GET "/assets/jquery-ui/mouse.self-c513294e8da73f31f84ba3ef11e2a1180a47faea0eb2fea4a53fc26153dd21fd.js?body=1" for ::1 at 2015-08-22 14:23:07 +1000


Started GET "/assets/jquery-ui/button.self-4d4f21ba77bbf8cc08ae65e2b6329a7a1b952b32c3ba7bffca8313e7e8c93d0c.js?body=1" for ::1 at 2015-08-22 14:23:07 +1000


Started GET "/assets/jquery-ui/draggable.self-debcca3d0d5d9afe2fe91a6fd1aebdb41ca0a55f2f6017352e6c02b6d8a6e64c.js?body=1" for ::1 at 2015-08-22 14:23:07 +1000


Started GET "/assets/jquery-ui/position.self-e693ced4ecfa1a276f0b794f32c1d30d792764b08788bf68ecfa3b388c291333.js?body=1" for ::1 at 2015-08-22 14:23:07 +1000


Started GET "/assets/jquery-ui/resizable.self-60b870565f3cd62982c1907828119bb51f42ec8228d5e23868153edc3abc685c.js?body=1" for ::1 at 2015-08-22 14:23:07 +1000


Started GET "/assets/jquery-ui/dialog.self-5a6c7980dfa3f6b74445b0f4b20eed799ee65363163500ed7f032e603d6b022d.js?body=1" for ::1 at 2015-08-22 14:23:07 +1000


Started GET "/assets/jquery-ui/tabs.self-dc07b44bf1b926c8d28ccd2658e30933881e5329348caf70cf305c3943f6bbd7.js?body=1" for ::1 at 2015-08-22 14:23:07 +1000


Started GET "/assets/jquery-ui/sortable.self-df2d80a36f9dfbe0facc596ccd92af83ca50d38e4cd6a84810aaf5d40b8cd181.js?body=1" for ::1 at 2015-08-22 14:23:07 +1000


Started GET "/assets/active_admin/base.self-ab2cb3098b53fe7d229937d768d701e8f4013f2a5aea7988d8f2149fa40426db.js?body=1" for ::1 at 2015-08-22 14:23:07 +1000


Started GET "/assets/active_admin/lib/dropdown-menu.self-161387c54d1640bd9f174301b77d73ea88ce6d7daf0d7356bd50b4d0143d1b72.js?body=1" for ::1 at 2015-08-22 14:23:07 +1000


Started GET "/assets/active_admin/lib/batch_actions.self-10ee4c07784b00259ca97a02c4e7fb53c1b27ebe5653a3b910426b4ea0941250.js?body=1" for ::1 at 2015-08-22 14:23:07 +1000


Started GET "/assets/active_admin/lib/flash.self-8f05a5d9328ea28fca100b057787fbfb567986513c5f1735ea48fad8f9571c10.js?body=1" for ::1 at 2015-08-22 14:23:07 +1000


Started GET "/assets/active_admin/lib/modal_dialog.self-0e86d9de4b99cb242de337a342f957f4872f686afc40f31f32d855672b1cd878.js?body=1" for ::1 at 2015-08-22 14:23:07 +1000


Started GET "/assets/active_admin/lib/checkbox-toggler.self-ffdc88fc1b3b6bcfac3e314f191fc486175ab5a4b5daab87af6bd208cb483bd8.js?body=1" for ::1 at 2015-08-22 14:23:07 +1000


Started GET "/assets/active_admin/lib/has_many.self-ece319debdc01ca5096ae8ac6c130ffc0decab382543b4b94e18591375d3d3bb.js?body=1" for ::1 at 2015-08-22 14:23:07 +1000


Started GET "/assets/active_admin/lib/per_page.self-d7697643296439a8f6aadbf22a229d8ce9b4e8e530ca854164398141006bcfda.js?body=1" for ::1 at 2015-08-22 14:23:07 +1000


Started GET "/assets/active_admin/lib/table-checkbox-toggler.self-f5200d732ec9ffd4ee8fd1fe11524ad7b54a67f6c0ef447a29d119ece2dcecdb.js?body=1" for ::1 at 2015-08-22 14:23:07 +1000


Started GET "/assets/active_admin/ext/jquery-ui.self-f96f2ec2a32c4bc4da4292cc74bddeca0bb223d81a421c98c4d613632860945e.js?body=1" for ::1 at 2015-08-22 14:23:07 +1000


Started GET "/assets/active_admin/ext/jquery.self-da8dafbbe883092bcae73f35a8caf4ae6170fe7d8130ae7039a233f9b509c757.js?body=1" for ::1 at 2015-08-22 14:23:07 +1000


Started GET "/assets/active_admin/application.self-50ffc9f86e474cd52ffb7ce3b3572255ad6646ea17097a056f330b540eae402c.js?body=1" for ::1 at 2015-08-22 14:23:07 +1000


Started GET "/assets/active_admin.self-877aef30ae1b040ab8a3aba4e3e309a11d7f2612f44dde450b5c157aa5f95c05.js?body=1" for ::1 at 2015-08-22 14:23:07 +1000


Started GET "/admin" for ::1 at 2015-08-22 14:23:16 +1000
Processing by Admin::DashboardController#index as HTML
Completed 401 Unauthorized in 4ms (ActiveRecord: 0.0ms)


Started GET "/admin/login" for ::1 at 2015-08-22 14:23:16 +1000
Processing by ActiveAdmin::Devise::SessionsController#new as HTML
  Rendered /Users/deborah/.rvm/gems/ruby-2.2.2@rails-423/bundler/gems/active_admin-d44c1b8a57cc/app/views/active_admin/devise/shared/_links.erb (1.7ms)
  Rendered /Users/deborah/.rvm/gems/ruby-2.2.2@rails-423/bundler/gems/active_admin-d44c1b8a57cc/app/views/active_admin/devise/sessions/new.html.erb within layouts/active_admin_logged_out (56.2ms)
Completed 200 OK in 4547ms (Views: 4522.2ms | ActiveRecord: 0.5ms)


Started GET "/assets/active_admin/print.self-d2a65dc1367caf195d6234954166b09f430c08e9fbb8e8ad1d5d15f440c7bd42.css?body=1" for ::1 at 2015-08-22 14:23:20 +1000


Started GET "/assets/active_admin.self-450324be22cb9482494088f6813337f6978e58b42041ccba1122f09dfed7ccfe.css?body=1" for ::1 at 2015-08-22 14:23:20 +1000


Started POST "/admin/login" for ::1 at 2015-08-22 14:23:33 +1000
Processing by ActiveAdmin::Devise::SessionsController#create as HTML
  Parameters: {"utf8"=>"✓", "authenticity_token"=>"OgsemcwyGRSQ/wL3McinEn2r+8n6B2xgEcZpW2zJuGIw+eT9hBpG1YFEUP/yA00mICMuqQctmJxinAptqf/k6Q==", "admin_user"=>{"email"=>"admin@example.com", "password"=>"[FILTERED]", "remember_me"=>"0"}, "commit"=>"Login"}
  [1m[36mAdminUser Load (0.2ms)[0m  [1mSELECT  "admin_users".* FROM "admin_users" WHERE "admin_users"."email" = ?  ORDER BY "admin_users"."id" ASC LIMIT 1[0m  [["email", "admin@example.com"]]
Completed 401 Unauthorized in 4ms (ActiveRecord: 0.2ms)
Processing by ActiveAdmin::Devise::SessionsController#new as HTML
  Parameters: {"utf8"=>"✓", "authenticity_token"=>"OgsemcwyGRSQ/wL3McinEn2r+8n6B2xgEcZpW2zJuGIw+eT9hBpG1YFEUP/yA00mICMuqQctmJxinAptqf/k6Q==", "admin_user"=>{"email"=>"admin@example.com", "password"=>"[FILTERED]", "remember_me"=>"0"}, "commit"=>"Login"}
  Rendered /Users/deborah/.rvm/gems/ruby-2.2.2@rails-423/bundler/gems/active_admin-d44c1b8a57cc/app/views/active_admin/devise/shared/_links.erb (0.3ms)
  Rendered /Users/deborah/.rvm/gems/ruby-2.2.2@rails-423/bundler/gems/active_admin-d44c1b8a57cc/app/views/active_admin/devise/sessions/new.html.erb within layouts/active_admin_logged_out (19.4ms)
Completed 200 OK in 286ms (Views: 189.3ms | ActiveRecord: 0.0ms)


Started POST "/admin/login" for ::1 at 2015-08-22 14:23:43 +1000
Processing by ActiveAdmin::Devise::SessionsController#create as HTML
  Parameters: {"utf8"=>"✓", "authenticity_token"=>"LYLWPuHgzl0tfgbkxXxVzCzCa//cgAJB7msS37wN9sMncCxaqciRnDzFVOwGt7/4cUq+nyGq9r2dMXHpeTuqSA==", "admin_user"=>{"email"=>"admin", "password"=>"[FILTERED]", "remember_me"=>"0"}, "commit"=>"Login"}
  [1m[35mAdminUser Load (0.2ms)[0m  SELECT  "admin_users".* FROM "admin_users" WHERE "admin_users"."email" = ?  ORDER BY "admin_users"."id" ASC LIMIT 1  [["email", "admin"]]
Completed 401 Unauthorized in 3ms (ActiveRecord: 0.2ms)
Processing by ActiveAdmin::Devise::SessionsController#new as HTML
  Parameters: {"utf8"=>"✓", "authenticity_token"=>"LYLWPuHgzl0tfgbkxXxVzCzCa//cgAJB7msS37wN9sMncCxaqciRnDzFVOwGt7/4cUq+nyGq9r2dMXHpeTuqSA==", "admin_user"=>{"email"=>"admin", "password"=>"[FILTERED]", "remember_me"=>"0"}, "commit"=>"Login"}
  Rendered /Users/deborah/.rvm/gems/ruby-2.2.2@rails-423/bundler/gems/active_admin-d44c1b8a57cc/app/views/active_admin/devise/shared/_links.erb (0.4ms)
  Rendered /Users/deborah/.rvm/gems/ruby-2.2.2@rails-423/bundler/gems/active_admin-d44c1b8a57cc/app/views/active_admin/devise/sessions/new.html.erb within layouts/active_admin_logged_out (24.2ms)
Completed 200 OK in 274ms (Views: 186.3ms | ActiveRecord: 0.0ms)


Started POST "/admin/login" for ::1 at 2015-08-22 14:25:11 +1000
Processing by ActiveAdmin::Devise::SessionsController#create as HTML
  Parameters: {"utf8"=>"✓", "authenticity_token"=>"anp9VHH6szKa8SQnlCgM08Zkq7ODt6x4GYj/04S1bdlgiIcwOdLs84tKdi9X4+bnm+x+036dWIRq0pzlQYMxUg==", "admin_user"=>{"email"=>"admin@example.com", "password"=>"[FILTERED]", "remember_me"=>"0"}, "commit"=>"Login"}
  [1m[36mAdminUser Load (0.5ms)[0m  [1mSELECT  "admin_users".* FROM "admin_users" WHERE "admin_users"."email" = ?  ORDER BY "admin_users"."id" ASC LIMIT 1[0m  [["email", "admin@example.com"]]
Completed 401 Unauthorized in 28ms (ActiveRecord: 0.5ms)
Processing by ActiveAdmin::Devise::SessionsController#new as HTML
  Parameters: {"utf8"=>"✓", "authenticity_token"=>"anp9VHH6szKa8SQnlCgM08Zkq7ODt6x4GYj/04S1bdlgiIcwOdLs84tKdi9X4+bnm+x+036dWIRq0pzlQYMxUg==", "admin_user"=>{"email"=>"admin@example.com", "password"=>"[FILTERED]", "remember_me"=>"0"}, "commit"=>"Login"}
  Rendered /Users/deborah/.rvm/gems/ruby-2.2.2@rails-423/bundler/gems/active_admin-d44c1b8a57cc/app/views/active_admin/devise/shared/_links.erb (2.1ms)
  Rendered /Users/deborah/.rvm/gems/ruby-2.2.2@rails-423/bundler/gems/active_admin-d44c1b8a57cc/app/views/active_admin/devise/sessions/new.html.erb within layouts/active_admin_logged_out (50.2ms)
Completed 200 OK in 653ms (Views: 563.0ms | ActiveRecord: 0.0ms)
  [1m[36m (0.1ms)[0m  [1mbegin transaction[0m
  [1m[35mAdminUser Exists (0.2ms)[0m  SELECT  1 AS one FROM "admin_users" WHERE "admin_users"."email" = 'admin@example.com' LIMIT 1
  [1m[36mSQL (1.6ms)[0m  [1mINSERT INTO "admin_users" ("email", "encrypted_password", "created_at", "updated_at") VALUES (?, ?, ?, ?)[0m  [["email", "admin@example.com"], ["encrypted_password", "$2a$10$3Gqj.1MSTYkMHKRkZrr6ueqF5Vred72J/HAp.Lj0St6rprbJKybrC"], ["created_at", "2015-08-22 04:26:28.186354"], ["updated_at", "2015-08-22 04:26:28.186354"]]
  [1m[35m (0.8ms)[0m  commit transaction


Started POST "/admin/login" for ::1 at 2015-08-22 14:26:31 +1000
Processing by ActiveAdmin::Devise::SessionsController#create as HTML
  Parameters: {"utf8"=>"✓", "authenticity_token"=>"8c/t2AGEifYYN2NT0EjRPtMX65360oZj99EQlS2u36L7PRe8SazWNwmMMVsTgzsKjp8+/Qf4cp+Ei3Oj6JiDKQ==", "admin_user"=>{"email"=>"admin@example.com", "password"=>"[FILTERED]", "remember_me"=>"0"}, "commit"=>"Login"}
  [1m[35mAdminUser Load (0.2ms)[0m  SELECT  "admin_users".* FROM "admin_users" WHERE "admin_users"."email" = ?  ORDER BY "admin_users"."id" ASC LIMIT 1  [["email", "admin@example.com"]]
  [1m[36m (0.2ms)[0m  [1mbegin transaction[0m
  [1m[35mSQL (0.7ms)[0m  UPDATE "admin_users" SET "last_sign_in_at" = ?, "current_sign_in_at" = ?, "last_sign_in_ip" = ?, "current_sign_in_ip" = ?, "sign_in_count" = ?, "updated_at" = ? WHERE "admin_users"."id" = ?  [["last_sign_in_at", "2015-08-22 04:26:31.982537"], ["current_sign_in_at", "2015-08-22 04:26:31.982537"], ["last_sign_in_ip", "::1"], ["current_sign_in_ip", "::1"], ["sign_in_count", 1], ["updated_at", "2015-08-22 04:26:31.984570"], ["id", 1]]
  [1m[36m (8.8ms)[0m  [1mcommit transaction[0m
Redirected to http://localhost:3000/admin
Completed 302 Found in 165ms (ActiveRecord: 9.9ms)


Started GET "/admin" for ::1 at 2015-08-22 14:26:32 +1000
Processing by Admin::DashboardController#index as HTML
  [1m[35mAdminUser Load (0.2ms)[0m  SELECT  "admin_users".* FROM "admin_users" WHERE "admin_users"."id" = ?  ORDER BY "admin_users"."id" ASC LIMIT 1  [["id", 1]]
  Rendered /Users/deborah/.rvm/gems/ruby-2.2.2@rails-423/bundler/gems/active_admin-d44c1b8a57cc/app/views/active_admin/page/index.html.arb (403.1ms)
Completed 200 OK in 417ms (Views: 410.0ms | ActiveRecord: 0.2ms)


Started GET "/admin/dashboard" for ::1 at 2015-08-22 14:38:28 +1000
Processing by Admin::DashboardController#index as HTML
  [1m[36mAdminUser Load (7.8ms)[0m  [1mSELECT  "admin_users".* FROM "admin_users" WHERE "admin_users"."id" = ?  ORDER BY "admin_users"."id" ASC LIMIT 1[0m  [["id", 1]]
  Rendered /Users/deborah/.rvm/gems/ruby-2.2.2@rails-423/bundler/gems/active_admin-d44c1b8a57cc/app/views/active_admin/page/index.html.arb (366.4ms)
Completed 200 OK in 410ms (Views: 371.8ms | ActiveRecord: 8.5ms)


Started GET "/admin/posts" for ::1 at 2015-08-22 14:38:32 +1000
Processing by Admin::PostsController#index as HTML
  [1m[35mAdminUser Load (0.1ms)[0m  SELECT  "admin_users".* FROM "admin_users" WHERE "admin_users"."id" = ?  ORDER BY "admin_users"."id" ASC LIMIT 1  [["id", 1]]
  [1m[36m (0.6ms)[0m  [1mSELECT COUNT(count_column) FROM (SELECT  1 AS count_column FROM "posts" LIMIT 30 OFFSET 0) subquery_for_count[0m
  [1m[35mCACHE (0.0ms)[0m  SELECT COUNT(count_column) FROM (SELECT  1 AS count_column FROM "posts" LIMIT 30 OFFSET 0) subquery_for_count
  [1m[36m (0.1ms)[0m  [1mSELECT COUNT(*) FROM "posts"[0m
  [1m[35mCACHE (0.0ms)[0m  SELECT COUNT(count_column) FROM (SELECT  1 AS count_column FROM "posts" LIMIT 30 OFFSET 0) subquery_for_count
  [1m[36mPost Load (0.2ms)[0m  [1mSELECT  "posts".* FROM "posts"  ORDER BY "posts"."id" desc LIMIT 30 OFFSET 0[0m
  [1m[35mComment Load (0.2ms)[0m  SELECT "comments".* FROM "comments"
  Rendered /Users/deborah/.rvm/gems/ruby-2.2.2@rails-423/bundler/gems/active_admin-d44c1b8a57cc/app/views/active_admin/resource/index.html.arb (406.9ms)
Completed 200 OK in 425ms (Views: 416.5ms | ActiveRecord: 1.6ms)


Started GET "/assets/active_admin/orderable-29374dbb55b0012d78a37c614d573bb3474f0779849b478a147d0f1845ca6617.png" for ::1 at 2015-08-22 14:38:33 +1000


Started GET "/assets/active_admin/datepicker/datepicker-input-icon-d9c2bb73769af777c8a71720d29741f3a499aebd5a043e9a119bd0d9597aed47.png" for ::1 at 2015-08-22 14:38:33 +1000


Started GET "/admin/posts" for ::1 at 2015-08-22 15:30:33 +1000
Processing by Admin::PostsController#index as HTML
  [1m[36mAdminUser Load (0.6ms)[0m  [1mSELECT  "admin_users".* FROM "admin_users" WHERE "admin_users"."id" = ?  ORDER BY "admin_users"."id" ASC LIMIT 1[0m  [["id", 1]]
  [1m[35m (0.6ms)[0m  SELECT COUNT(count_column) FROM (SELECT  1 AS count_column FROM "posts" LIMIT 30 OFFSET 0) subquery_for_count
  [1m[36mCACHE (0.0ms)[0m  [1mSELECT COUNT(count_column) FROM (SELECT  1 AS count_column FROM "posts" LIMIT 30 OFFSET 0) subquery_for_count[0m
  [1m[35m (1.7ms)[0m  SELECT COUNT(*) FROM "posts"
  [1m[36mCACHE (0.0ms)[0m  [1mSELECT COUNT(count_column) FROM (SELECT  1 AS count_column FROM "posts" LIMIT 30 OFFSET 0) subquery_for_count[0m
  [1m[35mPost Load (0.3ms)[0m  SELECT  "posts".* FROM "posts"  ORDER BY "posts"."id" desc LIMIT 30 OFFSET 0
  [1m[36mComment Load (0.6ms)[0m  [1mSELECT "comments".* FROM "comments"[0m
  Rendered /Users/deborah/.rvm/gems/ruby-2.2.2@rails-423/bundler/gems/active_admin-d44c1b8a57cc/app/views/active_admin/resource/index.html.arb (486.2ms)
Completed 200 OK in 555ms (Views: 496.7ms | ActiveRecord: 5.4ms)


Started GET "/assets/jquery.self-d03a5518f45df77341bdbe6201ba3bfa547ebba8ed64f0ea56bfa5f96ea7c074.js?body=1" for ::1 at 2015-08-22 15:30:34 +1000


Started GET "/assets/jquery-ui/datepicker.self-6267be6d4d0f0e8665be3b4d6ac07f40ba23a32aff8eaa5d1bfc00f76a9eeae7.js?body=1" for ::1 at 2015-08-22 15:30:34 +1000


Started GET "/assets/jquery-ui/core.self-93be4d22eda916787802a64d8f88b52db8a9027d4ccbbc0942625324a7d12d44.js?body=1" for ::1 at 2015-08-22 15:30:34 +1000


Started GET "/assets/jquery-ui/widget.self-c1602241ddc51216b58391768667068867b8e15b9efc722befcd25771eda6819.js?body=1" for ::1 at 2015-08-22 15:30:34 +1000


Started GET "/assets/active_admin.self-450324be22cb9482494088f6813337f6978e58b42041ccba1122f09dfed7ccfe.css?body=1" for ::1 at 2015-08-22 15:30:34 +1000


Started GET "/assets/jquery-ui/button.self-4d4f21ba77bbf8cc08ae65e2b6329a7a1b952b32c3ba7bffca8313e7e8c93d0c.js?body=1" for ::1 at 2015-08-22 15:30:34 +1000


Started GET "/assets/jquery-ui/mouse.self-c513294e8da73f31f84ba3ef11e2a1180a47faea0eb2fea4a53fc26153dd21fd.js?body=1" for ::1 at 2015-08-22 15:30:34 +1000


Started GET "/assets/jquery-ui/draggable.self-debcca3d0d5d9afe2fe91a6fd1aebdb41ca0a55f2f6017352e6c02b6d8a6e64c.js?body=1" for ::1 at 2015-08-22 15:30:34 +1000


Started GET "/assets/jquery-ui/resizable.self-60b870565f3cd62982c1907828119bb51f42ec8228d5e23868153edc3abc685c.js?body=1" for ::1 at 2015-08-22 15:30:34 +1000


Started GET "/assets/jquery-ui/position.self-e693ced4ecfa1a276f0b794f32c1d30d792764b08788bf68ecfa3b388c291333.js?body=1" for ::1 at 2015-08-22 15:30:34 +1000


Started GET "/assets/jquery-ui/dialog.self-5a6c7980dfa3f6b74445b0f4b20eed799ee65363163500ed7f032e603d6b022d.js?body=1" for ::1 at 2015-08-22 15:30:34 +1000


Started GET "/assets/jquery-ui/sortable.self-df2d80a36f9dfbe0facc596ccd92af83ca50d38e4cd6a84810aaf5d40b8cd181.js?body=1" for ::1 at 2015-08-22 15:30:34 +1000


Started GET "/assets/jquery-ui/tabs.self-dc07b44bf1b926c8d28ccd2658e30933881e5329348caf70cf305c3943f6bbd7.js?body=1" for ::1 at 2015-08-22 15:30:34 +1000


Started GET "/assets/active_admin/base.self-ab2cb3098b53fe7d229937d768d701e8f4013f2a5aea7988d8f2149fa40426db.js?body=1" for ::1 at 2015-08-22 15:30:34 +1000


Started GET "/assets/jquery_ujs.self-ca5248a2fad13d6bd58ea121318d642f195f0b2dd818b30615f785ff365e8d1f.js?body=1" for ::1 at 2015-08-22 15:30:34 +1000


Started GET "/assets/active_admin/lib/batch_actions.self-10ee4c07784b00259ca97a02c4e7fb53c1b27ebe5653a3b910426b4ea0941250.js?body=1" for ::1 at 2015-08-22 15:30:34 +1000


Started GET "/assets/active_admin/lib/checkbox-toggler.self-ffdc88fc1b3b6bcfac3e314f191fc486175ab5a4b5daab87af6bd208cb483bd8.js?body=1" for ::1 at 2015-08-22 15:30:34 +1000


Started GET "/assets/active_admin/lib/dropdown-menu.self-161387c54d1640bd9f174301b77d73ea88ce6d7daf0d7356bd50b4d0143d1b72.js?body=1" for ::1 at 2015-08-22 15:30:34 +1000


Started GET "/assets/active_admin/lib/flash.self-8f05a5d9328ea28fca100b057787fbfb567986513c5f1735ea48fad8f9571c10.js?body=1" for ::1 at 2015-08-22 15:30:34 +1000


Started GET "/assets/active_admin/lib/has_many.self-ece319debdc01ca5096ae8ac6c130ffc0decab382543b4b94e18591375d3d3bb.js?body=1" for ::1 at 2015-08-22 15:30:34 +1000


Started GET "/assets/active_admin/lib/modal_dialog.self-0e86d9de4b99cb242de337a342f957f4872f686afc40f31f32d855672b1cd878.js?body=1" for ::1 at 2015-08-22 15:30:34 +1000


Started GET "/assets/active_admin/lib/per_page.self-d7697643296439a8f6aadbf22a229d8ce9b4e8e530ca854164398141006bcfda.js?body=1" for ::1 at 2015-08-22 15:30:34 +1000


Started GET "/assets/active_admin/lib/table-checkbox-toggler.self-f5200d732ec9ffd4ee8fd1fe11524ad7b54a67f6c0ef447a29d119ece2dcecdb.js?body=1" for ::1 at 2015-08-22 15:30:34 +1000


Started GET "/assets/active_admin/ext/jquery-ui.self-f96f2ec2a32c4bc4da4292cc74bddeca0bb223d81a421c98c4d613632860945e.js?body=1" for ::1 at 2015-08-22 15:30:34 +1000


Started GET "/assets/active_admin/ext/jquery.self-da8dafbbe883092bcae73f35a8caf4ae6170fe7d8130ae7039a233f9b509c757.js?body=1" for ::1 at 2015-08-22 15:30:34 +1000


Started GET "/assets/active_admin/application.self-50ffc9f86e474cd52ffb7ce3b3572255ad6646ea17097a056f330b540eae402c.js?body=1" for ::1 at 2015-08-22 15:30:34 +1000


Started GET "/assets/active_admin.self-877aef30ae1b040ab8a3aba4e3e309a11d7f2612f44dde450b5c157aa5f95c05.js?body=1" for ::1 at 2015-08-22 15:30:34 +1000


Started GET "/assets/active_admin/print.self-d2a65dc1367caf195d6234954166b09f430c08e9fbb8e8ad1d5d15f440c7bd42.css?body=1" for ::1 at 2015-08-22 15:30:34 +1000


Started GET "/admin/posts/new" for ::1 at 2015-08-22 15:30:36 +1000
Processing by Admin::PostsController#new as HTML
  [1m[35mAdminUser Load (0.2ms)[0m  SELECT  "admin_users".* FROM "admin_users" WHERE "admin_users"."id" = ?  ORDER BY "admin_users"."id" ASC LIMIT 1  [["id", 1]]
  Rendered /Users/deborah/.rvm/gems/ruby-2.2.2@rails-423/bundler/gems/active_admin-d44c1b8a57cc/app/views/active_admin/resource/new.html.arb (298.3ms)
Completed 200 OK in 315ms (Views: 311.8ms | ActiveRecord: 0.2ms)


Started POST "/admin/posts" for ::1 at 2015-08-22 15:31:51 +1000
Processing by Admin::PostsController#create as HTML
  Parameters: {"utf8"=>"✓", "authenticity_token"=>"jF64THYZm9eHXjnfXvSc1OfFVY/J23XsJAtB1OeLBfgVbRNNjCcEBP4opShw9rYdOYRd3A9JFoDrR2uX7XR0nQ==", "post"=>{"title"=>"Title is here", "body"=>"# heading 1\r\n## h2\r\n\r\nhttp://example.com\r\n\r\n**bold*\r\n\r\n_italics_\r\n\r\n* list\r\n* list\r\n\r\n1. number\r\n2. number"}, "commit"=>"Create Post"}
  [1m[36mAdminUser Load (0.1ms)[0m  [1mSELECT  "admin_users".* FROM "admin_users" WHERE "admin_users"."id" = ?  ORDER BY "admin_users"."id" ASC LIMIT 1[0m  [["id", 1]]
  [1m[35m (0.1ms)[0m  begin transaction
  [1m[36mSQL (1.2ms)[0m  [1mINSERT INTO "posts" ("title", "body", "created_at", "updated_at") VALUES (?, ?, ?, ?)[0m  [["title", "Title is here"], ["body", "# heading 1\r\n## h2\r\n\r\nhttp://example.com\r\n\r\n**bold*\r\n\r\n_italics_\r\n\r\n* list\r\n* list\r\n\r\n1. number\r\n2. number"], ["created_at", "2015-08-22 05:31:51.137100"], ["updated_at", "2015-08-22 05:31:51.137100"]]
  [1m[35m (0.8ms)[0m  commit transaction
Redirected to http://localhost:3000/admin/posts/3
Completed 302 Found in 47ms (ActiveRecord: 2.2ms)


Started GET "/admin/posts/3" for ::1 at 2015-08-22 15:31:51 +1000
Processing by Admin::PostsController#show as HTML
  Parameters: {"id"=>"3"}
  [1m[36mAdminUser Load (0.1ms)[0m  [1mSELECT  "admin_users".* FROM "admin_users" WHERE "admin_users"."id" = ?  ORDER BY "admin_users"."id" ASC LIMIT 1[0m  [["id", 1]]
  [1m[35mPost Load (0.1ms)[0m  SELECT  "posts".* FROM "posts" WHERE "posts"."id" = ? LIMIT 1  [["id", 3]]
  [1m[36m (0.6ms)[0m  [1mSELECT COUNT(*) FROM "active_admin_comments" WHERE "active_admin_comments"."resource_type" = ? AND "active_admin_comments"."resource_id" = ? AND "active_admin_comments"."namespace" = ?[0m  [["resource_type", "Post"], ["resource_id", "3"], ["namespace", "admin"]]
  [1m[35mCACHE (0.0ms)[0m  SELECT COUNT(*) FROM "active_admin_comments" WHERE "active_admin_comments"."resource_type" = ? AND "active_admin_comments"."resource_id" = ? AND "active_admin_comments"."namespace" = ?  [["resource_type", "Post"], ["resource_id", "3"], ["namespace", "admin"]]
  Rendered /Users/deborah/.rvm/gems/ruby-2.2.2@rails-423/bundler/gems/active_admin-d44c1b8a57cc/app/views/active_admin/resource/show.html.arb (340.4ms)
Completed 200 OK in 353ms (Views: 348.7ms | ActiveRecord: 1.2ms)


Started GET "/" for ::1 at 2015-08-22 15:31:59 +1000
Processing by PostsController#index as HTML
  [1m[36mPost Load (0.2ms)[0m  [1mSELECT "posts".* FROM "posts"[0m
  Rendered posts/_post.html.erb (58.8ms)
  Rendered posts/index.html.erb within layouts/application (63.3ms)
Completed 500 Internal Server Error in 76ms (ActiveRecord: 0.2ms)

ActionView::Template::Error (uninitialized constant Post::MarkdownService):
    1: <h2><%= link_to_unless_current post.title, post %></h2>
    2:  <%= post.content.html_safe %>
  app/models/post.rb:7:in `content'
  app/views/posts/_post.html.erb:2:in `_app_views_posts__post_html_erb___3171675799248955079_70180662320620'
  app/views/posts/index.html.erb:5:in `_app_views_posts_index_html_erb__500606962422868022_70180647695960'
  app/controllers/posts_controller.rb:9:in `index'


  Rendered /Users/deborah/.rvm/gems/ruby-2.2.2@rails-423/gems/actionpack-4.2.3/lib/action_dispatch/middleware/templates/rescues/_source.erb (15.8ms)
  Rendered /Users/deborah/.rvm/gems/ruby-2.2.2@rails-423/gems/actionpack-4.2.3/lib/action_dispatch/middleware/templates/rescues/_trace.html.erb (5.5ms)
  Rendered /Users/deborah/.rvm/gems/ruby-2.2.2@rails-423/gems/actionpack-4.2.3/lib/action_dispatch/middleware/templates/rescues/_request_and_response.html.erb (1.5ms)
  Rendered /Users/deborah/.rvm/gems/ruby-2.2.2@rails-423/gems/actionpack-4.2.3/lib/action_dispatch/middleware/templates/rescues/template_error.html.erb within rescues/layout (96.1ms)
  Rendered /Users/deborah/.rvm/gems/ruby-2.2.2@rails-423/gems/web-console-2.2.1/lib/web_console/templates/_markup.html.erb (0.9ms)
  Rendered /Users/deborah/.rvm/gems/ruby-2.2.2@rails-423/gems/web-console-2.2.1/lib/web_console/templates/_inner_console_markup.html.erb within layouts/inlined_string (0.5ms)
  Rendered /Users/deborah/.rvm/gems/ruby-2.2.2@rails-423/gems/web-console-2.2.1/lib/web_console/templates/_prompt_box_markup.html.erb within layouts/inlined_string (0.6ms)
  Rendered /Users/deborah/.rvm/gems/ruby-2.2.2@rails-423/gems/web-console-2.2.1/lib/web_console/templates/style.css.erb within layouts/inlined_string (0.6ms)
  Rendered /Users/deborah/.rvm/gems/ruby-2.2.2@rails-423/gems/web-console-2.2.1/lib/web_console/templates/console.js.erb within layouts/javascript (103.8ms)
  Rendered /Users/deborah/.rvm/gems/ruby-2.2.2@rails-423/gems/web-console-2.2.1/lib/web_console/templates/main.js.erb within layouts/javascript (0.6ms)
  Rendered /Users/deborah/.rvm/gems/ruby-2.2.2@rails-423/gems/web-console-2.2.1/lib/web_console/templates/error_page.js.erb within layouts/javascript (0.5ms)
  Rendered /Users/deborah/.rvm/gems/ruby-2.2.2@rails-423/gems/web-console-2.2.1/lib/web_console/templates/index.html.erb (352.0ms)


Started GET "/" for ::1 at 2015-08-22 15:32:00 +1000
Processing by PostsController#index as HTML
  [1m[35mPost Load (0.2ms)[0m  SELECT "posts".* FROM "posts"
  Rendered posts/_post.html.erb (4.4ms)
  Rendered posts/index.html.erb within layouts/application (6.9ms)
Completed 500 Internal Server Error in 17ms (ActiveRecord: 0.2ms)

ActionView::Template::Error (uninitialized constant Post::MarkdownService):
    1: <h2><%= link_to_unless_current post.title, post %></h2>
    2:  <%= post.content.html_safe %>
  app/models/post.rb:7:in `content'
  app/views/posts/_post.html.erb:2:in `_app_views_posts__post_html_erb___3171675799248955079_70180662320620'
  app/views/posts/index.html.erb:5:in `_app_views_posts_index_html_erb__500606962422868022_70180647695960'
  app/controllers/posts_controller.rb:9:in `index'


  Rendered /Users/deborah/.rvm/gems/ruby-2.2.2@rails-423/gems/actionpack-4.2.3/lib/action_dispatch/middleware/templates/rescues/_source.erb (12.1ms)
  Rendered /Users/deborah/.rvm/gems/ruby-2.2.2@rails-423/gems/actionpack-4.2.3/lib/action_dispatch/middleware/templates/rescues/_trace.html.erb (3.3ms)
  Rendered /Users/deborah/.rvm/gems/ruby-2.2.2@rails-423/gems/actionpack-4.2.3/lib/action_dispatch/middleware/templates/rescues/_request_and_response.html.erb (1.1ms)
  Rendered /Users/deborah/.rvm/gems/ruby-2.2.2@rails-423/gems/actionpack-4.2.3/lib/action_dispatch/middleware/templates/rescues/template_error.html.erb within rescues/layout (84.1ms)
  Rendered /Users/deborah/.rvm/gems/ruby-2.2.2@rails-423/gems/web-console-2.2.1/lib/web_console/templates/_markup.html.erb (0.4ms)
  Rendered /Users/deborah/.rvm/gems/ruby-2.2.2@rails-423/gems/web-console-2.2.1/lib/web_console/templates/_inner_console_markup.html.erb within layouts/inlined_string (0.4ms)
  Rendered /Users/deborah/.rvm/gems/ruby-2.2.2@rails-423/gems/web-console-2.2.1/lib/web_console/templates/_prompt_box_markup.html.erb within layouts/inlined_string (0.4ms)
  Rendered /Users/deborah/.rvm/gems/ruby-2.2.2@rails-423/gems/web-console-2.2.1/lib/web_console/templates/style.css.erb within layouts/inlined_string (0.4ms)
  Rendered /Users/deborah/.rvm/gems/ruby-2.2.2@rails-423/gems/web-console-2.2.1/lib/web_console/templates/console.js.erb within layouts/javascript (53.4ms)
  Rendered /Users/deborah/.rvm/gems/ruby-2.2.2@rails-423/gems/web-console-2.2.1/lib/web_console/templates/main.js.erb within layouts/javascript (0.5ms)
  Rendered /Users/deborah/.rvm/gems/ruby-2.2.2@rails-423/gems/web-console-2.2.1/lib/web_console/templates/error_page.js.erb within layouts/javascript (0.5ms)
  Rendered /Users/deborah/.rvm/gems/ruby-2.2.2@rails-423/gems/web-console-2.2.1/lib/web_console/templates/index.html.erb (117.0ms)


Started GET "/" for ::1 at 2015-08-22 15:32:04 +1000
Processing by PostsController#index as HTML
  [1m[36mPost Load (0.2ms)[0m  [1mSELECT "posts".* FROM "posts"[0m
  Rendered posts/_post.html.erb (3.8ms)
  Rendered posts/index.html.erb within layouts/application (5.9ms)
Completed 500 Internal Server Error in 15ms (ActiveRecord: 0.2ms)

ActionView::Template::Error (uninitialized constant Post::MarkdownService):
    1: <h2><%= link_to_unless_current post.title, post %></h2>
    2:  <%= post.content.html_safe %>
  app/models/post.rb:7:in `content'
  app/views/posts/_post.html.erb:2:in `_app_views_posts__post_html_erb___3171675799248955079_70180662320620'
  app/views/posts/index.html.erb:5:in `_app_views_posts_index_html_erb__500606962422868022_70180647695960'
  app/controllers/posts_controller.rb:9:in `index'


  Rendered /Users/deborah/.rvm/gems/ruby-2.2.2@rails-423/gems/actionpack-4.2.3/lib/action_dispatch/middleware/templates/rescues/_source.erb (8.1ms)
  Rendered /Users/deborah/.rvm/gems/ruby-2.2.2@rails-423/gems/actionpack-4.2.3/lib/action_dispatch/middleware/templates/rescues/_trace.html.erb (2.9ms)
  Rendered /Users/deborah/.rvm/gems/ruby-2.2.2@rails-423/gems/actionpack-4.2.3/lib/action_dispatch/middleware/templates/rescues/_request_and_response.html.erb (2.0ms)
  Rendered /Users/deborah/.rvm/gems/ruby-2.2.2@rails-423/gems/actionpack-4.2.3/lib/action_dispatch/middleware/templates/rescues/template_error.html.erb within rescues/layout (69.3ms)
  Rendered /Users/deborah/.rvm/gems/ruby-2.2.2@rails-423/gems/web-console-2.2.1/lib/web_console/templates/_markup.html.erb (0.5ms)
  Rendered /Users/deborah/.rvm/gems/ruby-2.2.2@rails-423/gems/web-console-2.2.1/lib/web_console/templates/_inner_console_markup.html.erb within layouts/inlined_string (0.4ms)
  Rendered /Users/deborah/.rvm/gems/ruby-2.2.2@rails-423/gems/web-console-2.2.1/lib/web_console/templates/_prompt_box_markup.html.erb within layouts/inlined_string (0.4ms)
  Rendered /Users/deborah/.rvm/gems/ruby-2.2.2@rails-423/gems/web-console-2.2.1/lib/web_console/templates/style.css.erb within layouts/inlined_string (0.4ms)
  Rendered /Users/deborah/.rvm/gems/ruby-2.2.2@rails-423/gems/web-console-2.2.1/lib/web_console/templates/console.js.erb within layouts/javascript (47.5ms)
  Rendered /Users/deborah/.rvm/gems/ruby-2.2.2@rails-423/gems/web-console-2.2.1/lib/web_console/templates/main.js.erb within layouts/javascript (0.4ms)
  Rendered /Users/deborah/.rvm/gems/ruby-2.2.2@rails-423/gems/web-console-2.2.1/lib/web_console/templates/error_page.js.erb within layouts/javascript (0.5ms)
  Rendered /Users/deborah/.rvm/gems/ruby-2.2.2@rails-423/gems/web-console-2.2.1/lib/web_console/templates/index.html.erb (113.0ms)


Started GET "/" for ::1 at 2015-08-22 15:32:39 +1000
  [1m[36mActiveRecord::SchemaMigration Load (0.4ms)[0m  [1mSELECT "schema_migrations".* FROM "schema_migrations"[0m
Processing by PostsController#index as HTML
  [1m[35mPost Load (0.7ms)[0m  SELECT "posts".* FROM "posts"
  Rendered posts/_post.html.erb (5.7ms)
  Rendered posts/index.html.erb within layouts/application (26.7ms)
  Rendered layouts/_header.html.erb (1.4ms)
  Rendered layouts/_footer.html.erb (0.6ms)
Completed 200 OK in 1092ms (Views: 1078.3ms | ActiveRecord: 1.0ms)


Started GET "/assets/foundation_and_overrides.self-2c1305178491fee2bb950950cd01b5c2744470cfb7d119a5af08fea5c4fd8a25.css?body=1" for ::1 at 2015-08-22 15:32:40 +1000


Started GET "/assets/jquery.self-d03a5518f45df77341bdbe6201ba3bfa547ebba8ed64f0ea56bfa5f96ea7c074.js?body=1" for ::1 at 2015-08-22 15:32:40 +1000


Started GET "/assets/jquery_ujs.self-ca5248a2fad13d6bd58ea121318d642f195f0b2dd818b30615f785ff365e8d1f.js?body=1" for ::1 at 2015-08-22 15:32:40 +1000


Started GET "/assets/vendor/modernizr.self-74da3245def7569da28115667be6a85a2ad97464abe707c9829c46d8975597bc.js?body=1" for ::1 at 2015-08-22 15:32:40 +1000


Started GET "/assets/application.self-d885a0a66bd595c10edb24f8879f94e334d88be0730c4d7c7a7b57c731c09037.css?body=1" for ::1 at 2015-08-22 15:32:40 +1000


Started GET "/assets/foundation/foundation.self-ee5396739ce46beb039f26ea629172a74143752d74f703c6c3b219fc52aecf73.js?body=1" for ::1 at 2015-08-22 15:32:40 +1000


Started GET "/assets/foundation/foundation.abide.self-f8b56c707a79139807305a5f7efc2aaa0848f0c677abcc056496f507e0192b79.js?body=1" for ::1 at 2015-08-22 15:32:40 +1000


Started GET "/assets/foundation/foundation.accordion.self-d55abdcb0a7a29512be2f31f63d418cc8cc4505a0a3c71946d25484b0a0b3f4e.js?body=1" for ::1 at 2015-08-22 15:32:40 +1000


Started GET "/assets/foundation/foundation.alert.self-fbde7afb61e8ffd8ab9b717f0bed1e58cb9e0144a25cc773fea634d5554f62cd.js?body=1" for ::1 at 2015-08-22 15:32:40 +1000


Started GET "/assets/foundation/foundation.clearing.self-54610737b435a97590fcb176848c3c7a44c4d55d369894260fa7c28c97a70a23.js?body=1" for ::1 at 2015-08-22 15:32:40 +1000


Started GET "/assets/foundation/foundation.dropdown.self-c9ee29909e266373e5e814a73fc6ea062245ddd29466d35d232448f73350d78a.js?body=1" for ::1 at 2015-08-22 15:32:40 +1000


Started GET "/assets/foundation/foundation.equalizer.self-7aa743bf4660deb2fb2f601c112806a1703c430067531da3f41e4afffe19fee9.js?body=1" for ::1 at 2015-08-22 15:32:40 +1000


Started GET "/assets/foundation/foundation.interchange.self-dad8415355087cb21a16fa44bac20d602344d52de5aca9e588e3588fce5dd5a7.js?body=1" for ::1 at 2015-08-22 15:32:40 +1000


Started GET "/assets/foundation/foundation.joyride.self-0a5271728699423f583dd5b3b8a11bfe0dc9fb5044446bcf3218ef8ca906a82d.js?body=1" for ::1 at 2015-08-22 15:32:40 +1000


Started GET "/assets/foundation/foundation.magellan.self-a50193f172f11e57b373c3001072ba2d6b34b857ab251e9ded30af5242855687.js?body=1" for ::1 at 2015-08-22 15:32:40 +1000


Started GET "/assets/foundation/foundation.slider.self-8911a7352cb577b6b7973b0734d57d2b624c79286558ffa36fcac0c29b2d0bee.js?body=1" for ::1 at 2015-08-22 15:32:40 +1000


Started GET "/assets/foundation/foundation.offcanvas.self-75bffd0c7f4f0d2992ab95f0cc6959282ebb5807da70123d40c01d76e230ec88.js?body=1" for ::1 at 2015-08-22 15:32:40 +1000


Started GET "/assets/foundation/foundation.tab.self-9bf6791513d1b20e213bb1aee3df0bc17128c7e18421258dc68a2a4ccabe1647.js?body=1" for ::1 at 2015-08-22 15:32:40 +1000


Started GET "/assets/foundation/foundation.reveal.self-95f01feb3e25e47b58b78da0021ae2fffafdee70846682067c180e0e10f7b095.js?body=1" for ::1 at 2015-08-22 15:32:40 +1000


Started GET "/assets/foundation/foundation.orbit.self-f8d30eb1717c874db26723f9e07901ec0a325d59263f1404ee83a616bb597ad2.js?body=1" for ::1 at 2015-08-22 15:32:40 +1000


Started GET "/assets/foundation/foundation.tooltip.self-834156796c253580629cfffc720bdc3d191b1e5a5a6ddbc1102ecd08c876516c.js?body=1" for ::1 at 2015-08-22 15:32:40 +1000


Started GET "/assets/foundation/foundation.topbar.self-105416f061562f07c6a0a8057d68282fdc1eeb5dc306713fcae6c9a53001fc55.js?body=1" for ::1 at 2015-08-22 15:32:41 +1000


Started GET "/assets/foundation.self-abe4ee7a105042f73b12b1f1a28788522d2f253445a475a94ab4d6e1f7b0ec52.js?body=1" for ::1 at 2015-08-22 15:32:41 +1000


Started GET "/assets/turbolinks.self-c37727e9bd6b2735da5c311aa83fead54ed0be6cc8bd9a65309e9c5abe2cbfff.js?body=1" for ::1 at 2015-08-22 15:32:41 +1000


Started GET "/assets/jquery-ui/core.self-93be4d22eda916787802a64d8f88b52db8a9027d4ccbbc0942625324a7d12d44.js?body=1" for ::1 at 2015-08-22 15:32:41 +1000


Started GET "/assets/jquery-ui/datepicker.self-6267be6d4d0f0e8665be3b4d6ac07f40ba23a32aff8eaa5d1bfc00f76a9eeae7.js?body=1" for ::1 at 2015-08-22 15:32:41 +1000


Started GET "/assets/jquery-ui/widget.self-c1602241ddc51216b58391768667068867b8e15b9efc722befcd25771eda6819.js?body=1" for ::1 at 2015-08-22 15:32:41 +1000


Started GET "/assets/jquery-ui/button.self-4d4f21ba77bbf8cc08ae65e2b6329a7a1b952b32c3ba7bffca8313e7e8c93d0c.js?body=1" for ::1 at 2015-08-22 15:32:41 +1000


Started GET "/assets/jquery-ui/mouse.self-c513294e8da73f31f84ba3ef11e2a1180a47faea0eb2fea4a53fc26153dd21fd.js?body=1" for ::1 at 2015-08-22 15:32:41 +1000


Started GET "/assets/jquery-ui/draggable.self-debcca3d0d5d9afe2fe91a6fd1aebdb41ca0a55f2f6017352e6c02b6d8a6e64c.js?body=1" for ::1 at 2015-08-22 15:32:41 +1000


Started GET "/assets/jquery-ui/resizable.self-60b870565f3cd62982c1907828119bb51f42ec8228d5e23868153edc3abc685c.js?body=1" for ::1 at 2015-08-22 15:32:41 +1000


Started GET "/assets/jquery-ui/position.self-e693ced4ecfa1a276f0b794f32c1d30d792764b08788bf68ecfa3b388c291333.js?body=1" for ::1 at 2015-08-22 15:32:41 +1000


Started GET "/assets/jquery-ui/sortable.self-df2d80a36f9dfbe0facc596ccd92af83ca50d38e4cd6a84810aaf5d40b8cd181.js?body=1" for ::1 at 2015-08-22 15:32:41 +1000


Started GET "/assets/jquery-ui/tabs.self-dc07b44bf1b926c8d28ccd2658e30933881e5329348caf70cf305c3943f6bbd7.js?body=1" for ::1 at 2015-08-22 15:32:41 +1000


Started GET "/assets/active_admin/base.self-ab2cb3098b53fe7d229937d768d701e8f4013f2a5aea7988d8f2149fa40426db.js?body=1" for ::1 at 2015-08-22 15:32:41 +1000


Started GET "/assets/active_admin/lib/batch_actions.self-10ee4c07784b00259ca97a02c4e7fb53c1b27ebe5653a3b910426b4ea0941250.js?body=1" for ::1 at 2015-08-22 15:32:41 +1000


Started GET "/assets/active_admin/lib/checkbox-toggler.self-ffdc88fc1b3b6bcfac3e314f191fc486175ab5a4b5daab87af6bd208cb483bd8.js?body=1" for ::1 at 2015-08-22 15:32:41 +1000


Started GET "/assets/jquery-ui/dialog.self-5a6c7980dfa3f6b74445b0f4b20eed799ee65363163500ed7f032e603d6b022d.js?body=1" for ::1 at 2015-08-22 15:32:41 +1000


Started GET "/assets/active_admin/lib/dropdown-menu.self-161387c54d1640bd9f174301b77d73ea88ce6d7daf0d7356bd50b4d0143d1b72.js?body=1" for ::1 at 2015-08-22 15:32:41 +1000


Started GET "/assets/active_admin/lib/flash.self-8f05a5d9328ea28fca100b057787fbfb567986513c5f1735ea48fad8f9571c10.js?body=1" for ::1 at 2015-08-22 15:32:41 +1000


Started GET "/assets/active_admin/lib/modal_dialog.self-0e86d9de4b99cb242de337a342f957f4872f686afc40f31f32d855672b1cd878.js?body=1" for ::1 at 2015-08-22 15:32:41 +1000


Started GET "/assets/active_admin/lib/has_many.self-ece319debdc01ca5096ae8ac6c130ffc0decab382543b4b94e18591375d3d3bb.js?body=1" for ::1 at 2015-08-22 15:32:41 +1000


Started GET "/assets/active_admin/lib/per_page.self-d7697643296439a8f6aadbf22a229d8ce9b4e8e530ca854164398141006bcfda.js?body=1" for ::1 at 2015-08-22 15:32:41 +1000


Started GET "/assets/active_admin/lib/table-checkbox-toggler.self-f5200d732ec9ffd4ee8fd1fe11524ad7b54a67f6c0ef447a29d119ece2dcecdb.js?body=1" for ::1 at 2015-08-22 15:32:41 +1000


Started GET "/assets/active_admin/ext/jquery-ui.self-f96f2ec2a32c4bc4da4292cc74bddeca0bb223d81a421c98c4d613632860945e.js?body=1" for ::1 at 2015-08-22 15:32:41 +1000


Started GET "/assets/active_admin/ext/jquery.self-da8dafbbe883092bcae73f35a8caf4ae6170fe7d8130ae7039a233f9b509c757.js?body=1" for ::1 at 2015-08-22 15:32:41 +1000


Started GET "/assets/active_admin/application.self-50ffc9f86e474cd52ffb7ce3b3572255ad6646ea17097a056f330b540eae402c.js?body=1" for ::1 at 2015-08-22 15:32:41 +1000


Started GET "/assets/active_admin.self-877aef30ae1b040ab8a3aba4e3e309a11d7f2612f44dde450b5c157aa5f95c05.js?body=1" for ::1 at 2015-08-22 15:32:41 +1000


Started GET "/assets/comments.self-877aef30ae1b040ab8a3aba4e3e309a11d7f2612f44dde450b5c157aa5f95c05.js?body=1" for ::1 at 2015-08-22 15:32:41 +1000


Started GET "/assets/posts.self-877aef30ae1b040ab8a3aba4e3e309a11d7f2612f44dde450b5c157aa5f95c05.js?body=1" for ::1 at 2015-08-22 15:32:41 +1000


Started GET "/assets/application.self-79a300d240bbf145c9af961805bc87f18e9f73bd1cda275895295c80d8552d3f.js?body=1" for ::1 at 2015-08-22 15:32:41 +1000


Started GET "/posts/3" for ::1 at 2015-08-22 15:32:44 +1000
Processing by PostsController#show as HTML
  Parameters: {"id"=>"3"}
  [1m[36mPost Load (0.2ms)[0m  [1mSELECT  "posts".* FROM "posts" WHERE "posts"."id" = ? LIMIT 1[0m  [["id", 3]]
  Rendered posts/_post.html.erb (0.7ms)
  [1m[35mComment Load (0.5ms)[0m  SELECT "comments".* FROM "comments" WHERE "comments"."post_id" = ?  [["post_id", 3]]
  Rendered collection (0.0ms)
  Rendered posts/show.html.erb within layouts/application (37.1ms)
  Rendered layouts/_header.html.erb (0.7ms)
  Rendered layouts/_footer.html.erb (0.4ms)
Completed 200 OK in 372ms (Views: 358.8ms | ActiveRecord: 0.9ms)
